<?xml version="1.0" encoding="utf-8"?><testsuites name="pytest tests"><testsuite name="pytest" errors="31" failures="43" skipped="1" tests="214" time="144.176" timestamp="2025-11-08T16:15:22.813001+00:00" hostname="VM-MOL-ITLY-A10"><testcase classname="tests.integration.agents.test_pattern_miner_integration.TestStableRelationsIntegration" name="test_end_to_end_with_strong_correlation" time="0.003" /><testcase classname="tests.integration.agents.test_pattern_miner_integration.TestStableRelationsIntegration" name="test_narrative_includes_all_metadata" time="0.001" /><testcase classname="tests.integration.agents.test_pattern_miner_integration.TestStableRelationsIntegration" name="test_multiple_drivers_ranked" time="0.002" /><testcase classname="tests.integration.agents.test_pattern_miner_integration.TestSeasonalEffectsIntegration" name="test_end_to_end_seasonal_analysis" time="0.001" /><testcase classname="tests.integration.agents.test_pattern_miner_integration.TestSeasonalEffectsIntegration" name="test_narrative_structure_complete" time="0.001" /><testcase classname="tests.integration.agents.test_pattern_miner_integration.TestDriverScreenIntegration" name="test_end_to_end_cohort_screening" time="0.005" /><testcase classname="tests.integration.agents.test_pattern_miner_integration.TestDriverScreenIntegration" name="test_multiple_cohorts_mentioned" time="0.003" /><testcase classname="tests.integration.agents.test_pattern_miner_integration.TestDriverScreenIntegration" name="test_multiple_windows_processed" time="0.003" /><testcase classname="tests.integration.agents.test_pattern_miner_integration.TestDerivedResultProvenance" name="test_stable_relations_derived_qid_format" time="0.001" /><testcase classname="tests.integration.agents.test_pattern_miner_integration.TestDerivedResultProvenance" name="test_seasonal_effects_derived_qid_format" time="0.002" /><testcase classname="tests.integration.agents.test_pattern_miner_integration.TestDerivedResultProvenance" name="test_driver_screen_derived_qid_format" time="0.001" /><testcase classname="tests.integration.agents.test_pattern_miner_integration.TestCitationCompliance" name="test_stable_relations_includes_citations" time="0.001" /><testcase classname="tests.integration.agents.test_pattern_miner_integration.TestCitationCompliance" name="test_seasonal_effects_includes_citations" time="0.001" /><testcase classname="tests.integration.agents.test_pattern_miner_integration.TestCitationCompliance" name="test_freshness_included" time="0.001" /><testcase classname="tests.integration.agents.test_predictor_agent.TestPredictorForecastBaseline" name="test_successful_forecast" time="0.013" /><testcase classname="tests.integration.agents.test_predictor_agent.TestPredictorForecastBaseline" name="test_insufficient_data_error" time="0.003" /><testcase classname="tests.integration.agents.test_predictor_agent.TestPredictorForecastBaseline" name="test_horizon_validation" time="0.003" /><testcase classname="tests.integration.agents.test_predictor_agent.TestPredictorForecastBaseline" name="test_query_not_found_error" time="0.003" /><testcase classname="tests.integration.agents.test_predictor_agent.TestPredictorEarlyWarning" name="test_successful_warning_no_flags" time="0.008" /><testcase classname="tests.integration.agents.test_predictor_agent.TestPredictorEarlyWarning" name="test_successful_warning_with_spike" time="0.008" /><testcase classname="tests.integration.agents.test_predictor_agent.TestPredictorEarlyWarning" name="test_insufficient_data_error" time="0.002" /><testcase classname="tests.integration.agents.test_predictor_agent.TestPredictorScenarioCompare" name="test_successful_comparison" time="0.008" /><testcase classname="tests.integration.agents.test_predictor_agent.TestPredictorScenarioCompare" name="test_single_method_comparison" time="0.003" /><testcase classname="tests.integration.agents.test_predictor_agent.TestPredictorScenarioCompare" name="test_insufficient_data_error" time="0.002" /><testcase classname="tests.integration.agents.test_predictor_agent.TestPredictorIntegration" name="test_forecast_produces_valid_qids" time="0.013" /><testcase classname="tests.integration.agents.test_predictor_agent.TestPredictorIntegration" name="test_early_warning_produces_valid_qids" time="0.008" /><testcase classname="tests.integration.agents.test_predictor_agent.TestPredictorIntegration" name="test_reproducibility_snippets_present" time="0.023" /><testcase classname="tests.integration.agents.test_step13_end_to_end.TestStep13EndToEnd" name="test_pattern_detective_only_uses_dataclient_methods" time="1.739" /><testcase classname="tests.integration.agents.test_step13_end_to_end.TestStep13EndToEnd" name="test_national_strategy_only_uses_dataclient_methods" time="1.733" /><testcase classname="tests.integration.agents.test_step13_end_to_end.TestStep13EndToEnd" name="test_pattern_detective_narrative_structure" time="1.718" /><testcase classname="tests.integration.agents.test_step13_end_to_end.TestStep13EndToEnd" name="test_national_strategy_narrative_structure" time="1.705"><skipped type="pytest.skip" message="Insufficient GCC data in synthetic dataset">d:\lmis_int\tests\integration\agents\test_step13_end_to_end.py:139: Insufficient GCC data in synthetic dataset</skipped></testcase><testcase classname="tests.integration.agents.test_step13_end_to_end.TestStep13EndToEnd" name="test_pattern_detective_best_practices_full_narrative" time="1.687" /><testcase classname="tests.integration.agents.test_step13_end_to_end.TestStep13EndToEnd" name="test_national_strategy_vision2030_full_narrative" time="1.703" /><testcase classname="tests.integration.agents.test_step13_end_to_end.TestStep13EndToEnd" name="test_agent_reports_contain_warnings_when_applicable" time="1.723" /><testcase classname="tests.integration.agents.test_step13_end_to_end.TestStep13EndToEnd" name="test_no_direct_execute_query_calls" time="1.726" /><testcase classname="tests.integration.agents.test_step13_end_to_end.TestStep13EndToEnd" name="test_all_evidence_includes_query_ids" time="1.682" /><testcase classname="tests.integration.agents.test_step13_end_to_end.TestStep13EndToEnd" name="test_derived_results_have_proper_query_ids" time="1.693" /><testcase classname="tests.integration.orchestration.test_cli" name="test_cli_basic_invocation" time="1.480" /><testcase classname="tests.integration.orchestration.test_cli" name="test_cli_json_output_structure" time="1.443" /><testcase classname="tests.integration.orchestration.test_cli" name="test_cli_markdown_output" time="1.448" /><testcase classname="tests.integration.orchestration.test_cli" name="test_cli_parameter_passing" time="1.443" /><testcase classname="tests.integration.orchestration.test_cli" name="test_cli_request_id_tracking" time="1.434" /><testcase classname="tests.integration.orchestration.test_cli" name="test_cli_missing_required_intent" time="1.375" /><testcase classname="tests.integration.orchestration.test_cli" name="test_cli_invalid_intent" time="1.385" /><testcase classname="tests.integration.orchestration.test_cli" name="test_cli_disabled_intent" time="1.420" /><testcase classname="tests.integration.orchestration.test_cli" name="test_cli_help_flag" time="1.396" /><testcase classname="tests.integration.orchestration.test_cli" name="test_cli_log_level" time="1.425" /><testcase classname="tests.integration.orchestration.test_cli" name="test_cli_multiple_metrics" time="1.434" /><testcase classname="tests.integration.orchestration.test_cli" name="test_cli_year_range_parameters" time="1.434" /><testcase classname="tests.integration.orchestration.test_cli" name="test_cli_numeric_parameters" time="1.434" /><testcase classname="tests.integration.orchestration.test_cli" name="test_cli_output_directory_creation" time="1.416" /><testcase classname="tests.integration.orchestration.test_cli" name="test_cli_stdout_output" time="1.455" /><testcase classname="tests.integration.orchestration.test_cli" name="test_cli_user_id_tracking" time="1.433" /><testcase classname="tests.integration.orchestration.test_cli" name="test_cli_missing_config_file" time="1.406" /><testcase classname="tests.integration.orchestration.test_cli" name="test_cli_json_format_default" time="1.406" /><testcase classname="tests.integration.orchestration.test_cli_query_mode" name="test_cli_query_mode_anomalies" time="1.477"><failure message="AssertionError: CLI failed with stderr: &lt;frozen runpy&gt;:128: RuntimeWarning: 'src.qnwis.cli.qnwis_workflow' found in sys.modules after import of package 'src.qnwis.cli', but prior to execution of 'src.qnwis.cli.qnwis_workflow'; this may result in unpredictable behaviour&#10;  2025-11-08 16:16:11,759 - src.qnwis.orchestration.nodes.error - ERROR - Handling workflow error: Clarification required (confidence 0.40 &lt; 0.55). Could you clarify the primary labour market metric or sector for &quot;Find anomalies in Healthcare retention last 24 months&quot;?&#10;  &#10;assert 1 == 0">@pytest.mark.integration
    def test_cli_query_mode_anomalies() -&gt; None:
        """Test CLI with query for anomaly detection."""
        query = "Find anomalies in Healthcare retention last 24 months"
    
        exit_code, stdout, stderr = run_cli_query(query)
    
        # Should exit successfully
&gt;       assert exit_code == 0, f"CLI failed with stderr: {stderr}"
E       AssertionError: CLI failed with stderr: &lt;frozen runpy&gt;:128: RuntimeWarning: 'src.qnwis.cli.qnwis_workflow' found in sys.modules after import of package 'src.qnwis.cli', but prior to execution of 'src.qnwis.cli.qnwis_workflow'; this may result in unpredictable behaviour
E         2025-11-08 16:16:11,759 - src.qnwis.orchestration.nodes.error - ERROR - Handling workflow error: Clarification required (confidence 0.40 &lt; 0.55). Could you clarify the primary labour market metric or sector for "Find anomalies in Healthcare retention last 24 months"?
E         
E       assert 1 == 0

tests\integration\orchestration\test_cli_query_mode.py:63: AssertionError</failure></testcase><testcase classname="tests.integration.orchestration.test_cli_query_mode" name="test_cli_query_mode_correlation" time="1.465"><failure message="AssertionError: CLI failed with stderr: &lt;frozen runpy&gt;:128: RuntimeWarning: 'src.qnwis.cli.qnwis_workflow' found in sys.modules after import of package 'src.qnwis.cli', but prior to execution of 'src.qnwis.cli.qnwis_workflow'; this may result in unpredictable behaviour&#10;  2025-11-08 16:16:13,466 - src.qnwis.orchestration.nodes.error - ERROR - Handling workflow error: Clarification required (confidence 0.40 &lt; 0.55). Could you clarify the primary labour market metric or sector for &quot;Is there a correlation between salary and retention in Construction?&quot;?&#10;  &#10;assert 1 == 0">@pytest.mark.integration
    def test_cli_query_mode_correlation() -&gt; None:
        """Test CLI with query for correlation analysis."""
        query = "Is there a correlation between salary and retention in Construction?"
    
        exit_code, stdout, stderr = run_cli_query(query)
    
        # Should exit successfully
&gt;       assert exit_code == 0, f"CLI failed with stderr: {stderr}"
E       AssertionError: CLI failed with stderr: &lt;frozen runpy&gt;:128: RuntimeWarning: 'src.qnwis.cli.qnwis_workflow' found in sys.modules after import of package 'src.qnwis.cli', but prior to execution of 'src.qnwis.cli.qnwis_workflow'; this may result in unpredictable behaviour
E         2025-11-08 16:16:13,466 - src.qnwis.orchestration.nodes.error - ERROR - Handling workflow error: Clarification required (confidence 0.40 &lt; 0.55). Could you clarify the primary labour market metric or sector for "Is there a correlation between salary and retention in Construction?"?
E         
E       assert 1 == 0

tests\integration\orchestration\test_cli_query_mode.py:99: AssertionError</failure></testcase><testcase classname="tests.integration.orchestration.test_cli_query_mode" name="test_cli_query_mode_gcc_benchmark" time="1.464"><failure message="AssertionError: CLI failed with stderr: &lt;frozen runpy&gt;:128: RuntimeWarning: 'src.qnwis.cli.qnwis_workflow' found in sys.modules after import of package 'src.qnwis.cli', but prior to execution of 'src.qnwis.cli.qnwis_workflow'; this may result in unpredictable behaviour&#10;  2025-11-08 16:16:14,934 - src.qnwis.orchestration.nodes.invoke - ERROR - Agent invocation failed&#10;  Traceback (most recent call last):&#10;    File &quot;d:\lmis_int\src\qnwis\agents\base.py&quot;, line 180, in run&#10;      res = execute_cached(query_id, self._registry, ttl_s=self.ttl_s)&#10;            ^^^^^^^^^^^^^^^^^^^^^^^^^^^^^^^^^^^^^^^^^^^^^^^^^^^^^^^^^^&#10;    File &quot;d:\lmis_int\src\qnwis\data\deterministic\cache_access.py&quot;, line 195, in execute_cached&#10;      source_spec = spec_override or registry.get(query_id)&#10;                                     ^^^^^^^^^^^^^^^^^^^^^^&#10;    File &quot;d:\lmis_int\src\qnwis\data\deterministic\registry.py&quot;, line 99, in get&#10;      return self._items[qid]&#10;             ~~~~~~~~~~~^^^^^&#10;  KeyError: 'syn_unemployment_rate_gcc_latest'&#10;  &#10;  The above exception was the direct cause of the following exception:&#10;  &#10;  Traceback (most recent call last):&#10;    File &quot;d:\lmis_int\src\qnwis\orchestration\nodes\invoke.py&quot;, line 196, in invoke_agent&#10;      result = method(**valid_params)&#10;               ^^^^^^^^^^^^^^^^^^^^^^&#10;    File &quot;d:\lmis_int\src\qnwis\agents\national_strategy.py&quot;, line 88, in gcc_benchmark&#10;      gcc_res = self.client.run(&quot;syn_unemployment_rate_gcc_latest&quot;)&#10;                ^^^^^^^^^^^^^^^^^^^^^^^^^^^^^^^^^^^^^^^^^^^^^^^^^^^&#10;    File &quot;d:\lmis_int\src\qnwis\agents\base.py&quot;, line 189, in run&#10;      self._raise_missing(query_id, cause=exc)&#10;    File &quot;d:\lmis_int\src\qnwis\agents\base.py&quot;, line 163, in _raise_missing&#10;      raise MissingQueryDefinitionError(&#10;  src.qnwis.agents.base.MissingQueryDefinitionError: Deterministic query 'syn_unemployment_rate_gcc_latest' is not registered in 'data\queries'. No YAML definition was loaded for 'syn_unemployment_rate_gcc_latest'.&#10;  2025-11-08 16:16:14,937 - src.qnwis.orchestration.nodes.error - ERROR - Handling workflow error: Agent error: MissingQueryDefinitionError: Deterministic query 'syn_unemployment_rate_gcc_latest' is not registered in 'data\queries'. No YAML definition was loaded for 'syn_unemployment_rate_gcc_latest'.&#10;  &#10;assert 1 == 0">@pytest.mark.integration
    def test_cli_query_mode_gcc_benchmark() -&gt; None:
        """Test CLI with query for GCC benchmark."""
        query = "Compare Qatar wage growth to UAE and Saudi Arabia"
    
        exit_code, stdout, stderr = run_cli_query(query)
    
        # Should exit successfully
&gt;       assert exit_code == 0, f"CLI failed with stderr: {stderr}"
E       AssertionError: CLI failed with stderr: &lt;frozen runpy&gt;:128: RuntimeWarning: 'src.qnwis.cli.qnwis_workflow' found in sys.modules after import of package 'src.qnwis.cli', but prior to execution of 'src.qnwis.cli.qnwis_workflow'; this may result in unpredictable behaviour
E         2025-11-08 16:16:14,934 - src.qnwis.orchestration.nodes.invoke - ERROR - Agent invocation failed
E         Traceback (most recent call last):
E           File "d:\lmis_int\src\qnwis\agents\base.py", line 180, in run
E             res = execute_cached(query_id, self._registry, ttl_s=self.ttl_s)
E                   ^^^^^^^^^^^^^^^^^^^^^^^^^^^^^^^^^^^^^^^^^^^^^^^^^^^^^^^^^^
E           File "d:\lmis_int\src\qnwis\data\deterministic\cache_access.py", line 195, in execute_cached
E             source_spec = spec_override or registry.get(query_id)
E                                            ^^^^^^^^^^^^^^^^^^^^^^
E           File "d:\lmis_int\src\qnwis\data\deterministic\registry.py", line 99, in get
E             return self._items[qid]
E                    ~~~~~~~~~~~^^^^^
E         KeyError: 'syn_unemployment_rate_gcc_latest'
E         
E         The above exception was the direct cause of the following exception:
E         
E         Traceback (most recent call last):
E           File "d:\lmis_int\src\qnwis\orchestration\nodes\invoke.py", line 196, in invoke_agent
E             result = method(**valid_params)
E                      ^^^^^^^^^^^^^^^^^^^^^^
E           File "d:\lmis_int\src\qnwis\agents\national_strategy.py", line 88, in gcc_benchmark
E             gcc_res = self.client.run("syn_unemployment_rate_gcc_latest")
E                       ^^^^^^^^^^^^^^^^^^^^^^^^^^^^^^^^^^^^^^^^^^^^^^^^^^^
E           File "d:\lmis_int\src\qnwis\agents\base.py", line 189, in run
E             self._raise_missing(query_id, cause=exc)
E           File "d:\lmis_int\src\qnwis\agents\base.py", line 163, in _raise_missing
E             raise MissingQueryDefinitionError(
E         src.qnwis.agents.base.MissingQueryDefinitionError: Deterministic query 'syn_unemployment_rate_gcc_latest' is not registered in 'data\queries'. No YAML definition was loaded for 'syn_unemployment_rate_gcc_latest'.
E         2025-11-08 16:16:14,937 - src.qnwis.orchestration.nodes.error - ERROR - Handling workflow error: Agent error: MissingQueryDefinitionError: Deterministic query 'syn_unemployment_rate_gcc_latest' is not registered in 'data\queries'. No YAML definition was loaded for 'syn_unemployment_rate_gcc_latest'.
E         
E       assert 1 == 0

tests\integration\orchestration\test_cli_query_mode.py:119: AssertionError</failure></testcase><testcase classname="tests.integration.orchestration.test_cli_query_mode" name="test_cli_query_mode_vision2030" time="1.444"><failure message="AssertionError: CLI failed with stderr: &lt;frozen runpy&gt;:128: RuntimeWarning: 'src.qnwis.cli.qnwis_workflow' found in sys.modules after import of package 'src.qnwis.cli', but prior to execution of 'src.qnwis.cli.qnwis_workflow'; this may result in unpredictable behaviour&#10;  2025-11-08 16:16:16,390 - src.qnwis.orchestration.nodes.invoke - ERROR - Agent invocation failed&#10;  Traceback (most recent call last):&#10;    File &quot;d:\lmis_int\src\qnwis\agents\base.py&quot;, line 180, in run&#10;      res = execute_cached(query_id, self._registry, ttl_s=self.ttl_s)&#10;            ^^^^^^^^^^^^^^^^^^^^^^^^^^^^^^^^^^^^^^^^^^^^^^^^^^^^^^^^^^&#10;    File &quot;d:\lmis_int\src\qnwis\data\deterministic\cache_access.py&quot;, line 195, in execute_cached&#10;      source_spec = spec_override or registry.get(query_id)&#10;                                     ^^^^^^^^^^^^^^^^^^^^^^&#10;    File &quot;d:\lmis_int\src\qnwis\data\deterministic\registry.py&quot;, line 99, in get&#10;      return self._items[qid]&#10;             ~~~~~~~~~~~^^^^^&#10;  KeyError: 'syn_qatarization_by_sector_latest'&#10;  &#10;  The above exception was the direct cause of the following exception:&#10;  &#10;  Traceback (most recent call last):&#10;    File &quot;d:\lmis_int\src\qnwis\orchestration\nodes\invoke.py&quot;, line 196, in invoke_agent&#10;      result = method(**valid_params)&#10;               ^^^^^^^^^^^^^^^^^^^^^^&#10;    File &quot;d:\lmis_int\src\qnwis\agents\national_strategy.py&quot;, line 303, in vision2030_alignment&#10;      qat_res = self.client.run(&quot;syn_qatarization_by_sector_latest&quot;)&#10;                ^^^^^^^^^^^^^^^^^^^^^^^^^^^^^^^^^^^^^^^^^^^^^^^^^^^^&#10;    File &quot;d:\lmis_int\src\qnwis\agents\base.py&quot;, line 189, in run&#10;      self._raise_missing(query_id, cause=exc)&#10;    File &quot;d:\lmis_int\src\qnwis\agents\base.py&quot;, line 163, in _raise_missing&#10;      raise MissingQueryDefinitionError(&#10;  src.qnwis.agents.base.MissingQueryDefinitionError: Deterministic query 'syn_qatarization_by_sector_latest' is not registered in 'data\queries'. No YAML definition was loaded for 'syn_qatarization_by_sector_latest'.&#10;  2025-11-08 16:16:16,392 - src.qnwis.orchestration.nodes.error - ERROR - Handling workflow error: Agent error: MissingQueryDefinitionError: Deterministic query 'syn_qatarization_by_sector_latest' is not registered in 'data\queries'. No YAML definition was loaded for 'syn_qatarization_by_sector_latest'.&#10;  &#10;assert 1 == 0">@pytest.mark.integration
    def test_cli_query_mode_vision2030() -&gt; None:
        """Test CLI with query for Vision 2030 alignment."""
        query = "Assess qatarization progress toward Vision 2030 targets"
    
        exit_code, stdout, stderr = run_cli_query(query)
    
        # Should exit successfully
&gt;       assert exit_code == 0, f"CLI failed with stderr: {stderr}"
E       AssertionError: CLI failed with stderr: &lt;frozen runpy&gt;:128: RuntimeWarning: 'src.qnwis.cli.qnwis_workflow' found in sys.modules after import of package 'src.qnwis.cli', but prior to execution of 'src.qnwis.cli.qnwis_workflow'; this may result in unpredictable behaviour
E         2025-11-08 16:16:16,390 - src.qnwis.orchestration.nodes.invoke - ERROR - Agent invocation failed
E         Traceback (most recent call last):
E           File "d:\lmis_int\src\qnwis\agents\base.py", line 180, in run
E             res = execute_cached(query_id, self._registry, ttl_s=self.ttl_s)
E                   ^^^^^^^^^^^^^^^^^^^^^^^^^^^^^^^^^^^^^^^^^^^^^^^^^^^^^^^^^^
E           File "d:\lmis_int\src\qnwis\data\deterministic\cache_access.py", line 195, in execute_cached
E             source_spec = spec_override or registry.get(query_id)
E                                            ^^^^^^^^^^^^^^^^^^^^^^
E           File "d:\lmis_int\src\qnwis\data\deterministic\registry.py", line 99, in get
E             return self._items[qid]
E                    ~~~~~~~~~~~^^^^^
E         KeyError: 'syn_qatarization_by_sector_latest'
E         
E         The above exception was the direct cause of the following exception:
E         
E         Traceback (most recent call last):
E           File "d:\lmis_int\src\qnwis\orchestration\nodes\invoke.py", line 196, in invoke_agent
E             result = method(**valid_params)
E                      ^^^^^^^^^^^^^^^^^^^^^^
E           File "d:\lmis_int\src\qnwis\agents\national_strategy.py", line 303, in vision2030_alignment
E             qat_res = self.client.run("syn_qatarization_by_sector_latest")
E                       ^^^^^^^^^^^^^^^^^^^^^^^^^^^^^^^^^^^^^^^^^^^^^^^^^^^^
E           File "d:\lmis_int\src\qnwis\agents\base.py", line 189, in run
E             self._raise_missing(query_id, cause=exc)
E           File "d:\lmis_int\src\qnwis\agents\base.py", line 163, in _raise_missing
E             raise MissingQueryDefinitionError(
E         src.qnwis.agents.base.MissingQueryDefinitionError: Deterministic query 'syn_qatarization_by_sector_latest' is not registered in 'data\queries'. No YAML definition was loaded for 'syn_qatarization_by_sector_latest'.
E         2025-11-08 16:16:16,392 - src.qnwis.orchestration.nodes.error - ERROR - Handling workflow error: Agent error: MissingQueryDefinitionError: Deterministic query 'syn_qatarization_by_sector_latest' is not registered in 'data\queries'. No YAML definition was loaded for 'syn_qatarization_by_sector_latest'.
E         
E       assert 1 == 0

tests\integration\orchestration\test_cli_query_mode.py:139: AssertionError</failure></testcase><testcase classname="tests.integration.orchestration.test_cli_query_mode" name="test_cli_query_mode_talent_competition" time="1.456"><failure message="AssertionError: CLI failed with stderr: &lt;frozen runpy&gt;:128: RuntimeWarning: 'src.qnwis.cli.qnwis_workflow' found in sys.modules after import of package 'src.qnwis.cli', but prior to execution of 'src.qnwis.cli.qnwis_workflow'; this may result in unpredictable behaviour&#10;  2025-11-08 16:16:17,863 - src.qnwis.orchestration.nodes.error - ERROR - Handling workflow error: Clarification required (confidence 0.40 &lt; 0.55). Could you clarify the primary labour market metric or sector for &quot;Analyze poaching patterns in Finance sector&quot;?&#10;  &#10;assert 1 == 0">@pytest.mark.integration
    def test_cli_query_mode_talent_competition() -&gt; None:
        """Test CLI with query for talent competition."""
        query = "Analyze poaching patterns in Finance sector"
    
        exit_code, stdout, stderr = run_cli_query(query)
    
        # Should exit successfully
&gt;       assert exit_code == 0, f"CLI failed with stderr: {stderr}"
E       AssertionError: CLI failed with stderr: &lt;frozen runpy&gt;:128: RuntimeWarning: 'src.qnwis.cli.qnwis_workflow' found in sys.modules after import of package 'src.qnwis.cli', but prior to execution of 'src.qnwis.cli.qnwis_workflow'; this may result in unpredictable behaviour
E         2025-11-08 16:16:17,863 - src.qnwis.orchestration.nodes.error - ERROR - Handling workflow error: Clarification required (confidence 0.40 &lt; 0.55). Could you clarify the primary labour market metric or sector for "Analyze poaching patterns in Finance sector"?
E         
E       assert 1 == 0

tests\integration\orchestration\test_cli_query_mode.py:159: AssertionError</failure></testcase><testcase classname="tests.integration.orchestration.test_cli_query_mode" name="test_cli_query_mode_low_confidence_fails_gracefully" time="1.446" /><testcase classname="tests.integration.orchestration.test_cli_query_mode" name="test_cli_query_mode_with_output_file" time="1.452"><failure message="AssertionError: CLI failed with stderr: &lt;frozen runpy&gt;:128: RuntimeWarning: 'src.qnwis.cli.qnwis_workflow' found in sys.modules after import of package 'src.qnwis.cli', but prior to execution of 'src.qnwis.cli.qnwis_workflow'; this may result in unpredictable behaviour&#10;  2025-11-08 16:16:20,770 - src.qnwis.orchestration.nodes.error - ERROR - Handling workflow error: Clarification required (confidence 0.40 &lt; 0.55). Could you clarify the primary labour market metric or sector for &quot;Find correlations in Construction retention&quot;?&#10;  &#10;assert 1 == 0">tmp_path = WindowsPath('C:/Users/admin-salim/AppData/Local/Temp/2/pytest-of-admin-salim/pytest-169/test_cli_query_mode_with_outpu0')

    @pytest.mark.integration
    def test_cli_query_mode_with_output_file(tmp_path: Path) -&gt; None:
        """Test CLI with --output flag."""
        query = "Find correlations in Construction retention"
        output_file = tmp_path / "result.json"
    
        exit_code, stdout, stderr = run_cli_query(
            query,
            extra_args=["--output", str(output_file)],
        )
    
        # Should exit successfully
&gt;       assert exit_code == 0, f"CLI failed with stderr: {stderr}"
E       AssertionError: CLI failed with stderr: &lt;frozen runpy&gt;:128: RuntimeWarning: 'src.qnwis.cli.qnwis_workflow' found in sys.modules after import of package 'src.qnwis.cli', but prior to execution of 'src.qnwis.cli.qnwis_workflow'; this may result in unpredictable behaviour
E         2025-11-08 16:16:20,770 - src.qnwis.orchestration.nodes.error - ERROR - Handling workflow error: Clarification required (confidence 0.40 &lt; 0.55). Could you clarify the primary labour market metric or sector for "Find correlations in Construction retention"?
E         
E       assert 1 == 0

tests\integration\orchestration\test_cli_query_mode.py:201: AssertionError</failure></testcase><testcase classname="tests.integration.orchestration.test_cli_query_mode" name="test_cli_query_mode_json_includes_metadata" time="1.454"><failure message="AssertionError: CLI failed with stderr: &lt;frozen runpy&gt;:128: RuntimeWarning: 'src.qnwis.cli.qnwis_workflow' found in sys.modules after import of package 'src.qnwis.cli', but prior to execution of 'src.qnwis.cli.qnwis_workflow'; this may result in unpredictable behaviour&#10;  2025-11-08 16:16:22,238 - src.qnwis.orchestration.nodes.error - ERROR - Handling workflow error: Clarification required (confidence 0.40 &lt; 0.55). Could you clarify the primary labour market metric or sector for &quot;Analyze retention trends in Healthcare&quot;?&#10;  &#10;assert 1 == 0">@pytest.mark.integration
    def test_cli_query_mode_json_includes_metadata() -&gt; None:
        """Test that JSON output includes routing metadata."""
        query = "Analyze retention trends in Healthcare"
    
        exit_code, stdout, stderr = run_cli_query(query)
    
        # Should exit successfully
&gt;       assert exit_code == 0, f"CLI failed with stderr: {stderr}"
E       AssertionError: CLI failed with stderr: &lt;frozen runpy&gt;:128: RuntimeWarning: 'src.qnwis.cli.qnwis_workflow' found in sys.modules after import of package 'src.qnwis.cli', but prior to execution of 'src.qnwis.cli.qnwis_workflow'; this may result in unpredictable behaviour
E         2025-11-08 16:16:22,238 - src.qnwis.orchestration.nodes.error - ERROR - Handling workflow error: Clarification required (confidence 0.40 &lt; 0.55). Could you clarify the primary labour market metric or sector for "Analyze retention trends in Healthcare"?
E         
E       assert 1 == 0

tests\integration\orchestration\test_cli_query_mode.py:222: AssertionError</failure></testcase><testcase classname="tests.integration.orchestration.test_cli_query_mode" name="test_cli_query_mode_markdown_format" time="1.461"><failure message="AssertionError: CLI failed with stderr: &lt;frozen runpy&gt;:128: RuntimeWarning: 'src.qnwis.cli.qnwis_workflow' found in sys.modules after import of package 'src.qnwis.cli', but prior to execution of 'src.qnwis.cli.qnwis_workflow'; this may result in unpredictable behaviour&#10;  2025-11-08 16:16:23,713 - src.qnwis.orchestration.nodes.error - ERROR - Handling workflow error: Clarification required (confidence 0.40 &lt; 0.55). Could you clarify the primary labour market metric or sector for &quot;Find anomalies in Construction&quot;?&#10;  &#10;assert 1 == 0&#10; +  where 1 = CompletedProcess(args=['D:\\lmis_int\\.venv\\Scripts\\python.exe', '-m', 'src.qnwis.cli.qnwis_workflow', '--query', 'Find anomalies in Construction', '--format', 'markdown', '--log-level', 'ERROR'], returncode=1, stdout='# QNWIS Analysis: unknown\n\n**Status**: FAILED\n**Request ID**: N/A\n**Timestamp**: 2025-11-08T16:16:23.713243\n\n## Error Summary\n\n**Status**: Failed\n\n**Error**: Clarification required (confidence 0.40 &lt; 0.55). Could you clarify the primary labour market metric or sector for &quot;Find anomalies in Construction&quot;?\n\n\n## Execution Log\n\n- Started workflow for intent: None\n- Classification: 1 intents, complexity=medium, confidence=0.40\n- WARNING: Clarification required (confidence 0.40 &lt; 0.55). Could you clarify the primary labour market metric or sector for &quot;Find anomalies in Construction&quot;?\n\n## Reproducibility\n\n**Method**: `error_handler`\n**Timestamp**: 2025-11-08T16:16:23.713243\n\n## Warnings\n\n- Clarification required (confidence 0.40 &lt; 0.55). Could you clarify the primary labour market metric or sector for &quot;Find anomalies in Construction&quot;?\n\n', stderr='&lt;frozen runpy&gt;:128: RuntimeWarning: \'src.qnwis.cli.qnwis_workflow\' found in sys.modules after import of package \'src.qnwis.cli\', but prior to execution of \'src.qnwis.cli.qnwis_workflow\'; this may result in unpredictable behaviour\n2025-11-08 16:16:23,713 - src.qnwis.orchestration.nodes.error - ERROR - Handling workflow error: Clarification required (confidence 0.40 &lt; 0.55). Could you clarify the primary labour market metric or sector for &quot;Find anomalies in Construction&quot;?\n').returncode">@pytest.mark.integration
    def test_cli_query_mode_markdown_format() -&gt; None:
        """Test CLI with --format markdown."""
        query = "Find anomalies in Construction"
    
        args = [
            sys.executable,
            "-m",
            "src.qnwis.cli.qnwis_workflow",
            "--query",
            query,
            "--format",
            "markdown",
            "--log-level",
            "ERROR",
        ]
    
        result = subprocess.run(
            args,
            capture_output=True,
            text=True,
            cwd=str(Path(__file__).parent.parent.parent.parent),
        )
    
        # Should exit successfully
&gt;       assert result.returncode == 0, f"CLI failed with stderr: {result.stderr}"
E       AssertionError: CLI failed with stderr: &lt;frozen runpy&gt;:128: RuntimeWarning: 'src.qnwis.cli.qnwis_workflow' found in sys.modules after import of package 'src.qnwis.cli', but prior to execution of 'src.qnwis.cli.qnwis_workflow'; this may result in unpredictable behaviour
E         2025-11-08 16:16:23,713 - src.qnwis.orchestration.nodes.error - ERROR - Handling workflow error: Clarification required (confidence 0.40 &lt; 0.55). Could you clarify the primary labour market metric or sector for "Find anomalies in Construction"?
E         
E       assert 1 == 0
E        +  where 1 = CompletedProcess(args=['D:\\lmis_int\\.venv\\Scripts\\python.exe', '-m', 'src.qnwis.cli.qnwis_workflow', '--query', 'Find anomalies in Construction', '--format', 'markdown', '--log-level', 'ERROR'], returncode=1, stdout='# QNWIS Analysis: unknown\n\n**Status**: FAILED\n**Request ID**: N/A\n**Timestamp**: 2025-11-08T16:16:23.713243\n\n## Error Summary\n\n**Status**: Failed\n\n**Error**: Clarification required (confidence 0.40 &lt; 0.55). Could you clarify the primary labour market metric or sector for "Find anomalies in Construction"?\n\n\n## Execution Log\n\n- Started workflow for intent: None\n- Classification: 1 intents, complexity=medium, confidence=0.40\n- WARNING: Clarification required (confidence 0.40 &lt; 0.55). Could you clarify the primary labour market metric or sector for "Find anomalies in Construction"?\n\n## Reproducibility\n\n**Method**: `error_handler`\n**Timestamp**: 2025-11-08T16:16:23.713243\n\n## Warnings\n\n- Clarification required (confidence 0.40 &lt; 0.55). Could you clarify the primary labour market metric or sector for "Find anomalies in Construction"?\n\n', stderr='&lt;frozen runpy&gt;:128: RuntimeWarning: \'src.qnwis.cli.qnwis_workflow\' found in sys.modules after import of package \'src.qnwis.cli\', but prior to execution of \'src.qnwis.cli.qnwis_workflow\'; this may result in unpredictable behaviour\n2025-11-08 16:16:23,713 - src.qnwis.orchestration.nodes.error - ERROR - Handling workflow error: Clarification required (confidence 0.40 &lt; 0.55). Could you clarify the primary labour market metric or sector for "Find anomalies in Construction"?\n').returncode

tests\integration\orchestration\test_cli_query_mode.py:267: AssertionError</failure></testcase><testcase classname="tests.integration.orchestration.test_cli_query_mode" name="test_cli_query_mode_request_id_propagation" time="1.443"><failure message="AssertionError: CLI failed with stderr: &lt;frozen runpy&gt;:128: RuntimeWarning: 'src.qnwis.cli.qnwis_workflow' found in sys.modules after import of package 'src.qnwis.cli', but prior to execution of 'src.qnwis.cli.qnwis_workflow'; this may result in unpredictable behaviour&#10;  2025-11-08 16:16:25,167 - src.qnwis.orchestration.nodes.error - ERROR - Handling workflow error: Clarification required (confidence 0.00 &lt; 0.55). Could you clarify the primary labour market metric or sector for &quot;Analyze retention in Finance&quot;?&#10;  &#10;assert 1 == 0">@pytest.mark.integration
    def test_cli_query_mode_request_id_propagation() -&gt; None:
        """Test that request_id is propagated through workflow."""
        query = "Analyze retention in Finance"
        request_id = "test-req-12345"
    
        exit_code, stdout, stderr = run_cli_query(
            query,
            extra_args=["--request-id", request_id],
        )
    
        # Should exit successfully
&gt;       assert exit_code == 0, f"CLI failed with stderr: {stderr}"
E       AssertionError: CLI failed with stderr: &lt;frozen runpy&gt;:128: RuntimeWarning: 'src.qnwis.cli.qnwis_workflow' found in sys.modules after import of package 'src.qnwis.cli', but prior to execution of 'src.qnwis.cli.qnwis_workflow'; this may result in unpredictable behaviour
E         2025-11-08 16:16:25,167 - src.qnwis.orchestration.nodes.error - ERROR - Handling workflow error: Clarification required (confidence 0.00 &lt; 0.55). Could you clarify the primary labour market metric or sector for "Analyze retention in Finance"?
E         
E       assert 1 == 0

tests\integration\orchestration\test_cli_query_mode.py:287: AssertionError</failure></testcase><testcase classname="tests.integration.orchestration.test_cli_query_mode" name="test_cli_query_mode_deterministic_output" time="2.898"><failure message="assert 1 == 0">@pytest.mark.integration
    def test_cli_query_mode_deterministic_output() -&gt; None:
        """Test that same query produces deterministic output."""
        query = "Find correlations in Construction retention over 24 months"
    
        # Run twice
        exit_code1, stdout1, stderr1 = run_cli_query(query)
        exit_code2, stdout2, stderr2 = run_cli_query(query)
    
        # Both should succeed
&gt;       assert exit_code1 == 0
E       assert 1 == 0

tests\integration\orchestration\test_cli_query_mode.py:305: AssertionError</failure></testcase><testcase classname="tests.integration.orchestration.test_cli_query_mode" name="test_cli_query_mode_root_causes" time="1.468"><failure message="AssertionError: CLI failed with stderr: &lt;frozen runpy&gt;:128: RuntimeWarning: 'src.qnwis.cli.qnwis_workflow' found in sys.modules after import of package 'src.qnwis.cli', but prior to execution of 'src.qnwis.cli.qnwis_workflow'; this may result in unpredictable behaviour&#10;  2025-11-08 16:16:29,633 - src.qnwis.orchestration.nodes.error - ERROR - Handling workflow error: Clarification required (confidence 0.40 &lt; 0.55). Could you clarify the primary labour market metric or sector for &quot;Why is retention declining in Construction?&quot;?&#10;  &#10;assert 1 == 0">@pytest.mark.integration
    def test_cli_query_mode_root_causes() -&gt; None:
        """Test CLI with root cause query."""
        query = "Why is retention declining in Construction?"
    
        exit_code, stdout, stderr = run_cli_query(query)
    
        # Should exit successfully
&gt;       assert exit_code == 0, f"CLI failed with stderr: {stderr}"
E       AssertionError: CLI failed with stderr: &lt;frozen runpy&gt;:128: RuntimeWarning: 'src.qnwis.cli.qnwis_workflow' found in sys.modules after import of package 'src.qnwis.cli', but prior to execution of 'src.qnwis.cli.qnwis_workflow'; this may result in unpredictable behaviour
E         2025-11-08 16:16:29,633 - src.qnwis.orchestration.nodes.error - ERROR - Handling workflow error: Clarification required (confidence 0.40 &lt; 0.55). Could you clarify the primary labour market metric or sector for "Why is retention declining in Construction?"?
E         
E       assert 1 == 0

tests\integration\orchestration\test_cli_query_mode.py:329: AssertionError</failure></testcase><testcase classname="tests.integration.orchestration.test_cli_query_mode" name="test_cli_query_mode_best_practices" time="1.436"><failure message="AssertionError: CLI failed with stderr: &lt;frozen runpy&gt;:128: RuntimeWarning: 'src.qnwis.cli.qnwis_workflow' found in sys.modules after import of package 'src.qnwis.cli', but prior to execution of 'src.qnwis.cli.qnwis_workflow'; this may result in unpredictable behaviour&#10;  2025-11-08 16:16:31,083 - src.qnwis.orchestration.nodes.error - ERROR - Handling workflow error: Clarification required (confidence 0.40 &lt; 0.55). Could you clarify the primary labour market metric or sector for &quot;Which companies have best practices for retention in Healthcare?&quot;?&#10;  &#10;assert 1 == 0">@pytest.mark.integration
    def test_cli_query_mode_best_practices() -&gt; None:
        """Test CLI with best practices query."""
        query = "Which companies have best practices for retention in Healthcare?"
    
        exit_code, stdout, stderr = run_cli_query(query)
    
        # Should exit successfully
&gt;       assert exit_code == 0, f"CLI failed with stderr: {stderr}"
E       AssertionError: CLI failed with stderr: &lt;frozen runpy&gt;:128: RuntimeWarning: 'src.qnwis.cli.qnwis_workflow' found in sys.modules after import of package 'src.qnwis.cli', but prior to execution of 'src.qnwis.cli.qnwis_workflow'; this may result in unpredictable behaviour
E         2025-11-08 16:16:31,083 - src.qnwis.orchestration.nodes.error - ERROR - Handling workflow error: Clarification required (confidence 0.40 &lt; 0.55). Could you clarify the primary labour market metric or sector for "Which companies have best practices for retention in Healthcare?"?
E         
E       assert 1 == 0

tests\integration\orchestration\test_cli_query_mode.py:348: AssertionError</failure></testcase><testcase classname="tests.integration.orchestration.test_cli_query_mode" name="test_cli_query_mode_with_sector_override" time="1.440"><failure message="AssertionError: CLI failed with stderr: &lt;frozen runpy&gt;:128: RuntimeWarning: 'src.qnwis.cli.qnwis_workflow' found in sys.modules after import of package 'src.qnwis.cli', but prior to execution of 'src.qnwis.cli.qnwis_workflow'; this may result in unpredictable behaviour&#10;  2025-11-08 16:16:32,531 - src.qnwis.orchestration.nodes.error - ERROR - Handling workflow error: Clarification required (confidence 0.40 &lt; 0.55). Could you clarify the primary labour market metric or sector for &quot;Find anomalies in retention&quot;?&#10;  &#10;assert 1 == 0">@pytest.mark.integration
    def test_cli_query_mode_with_sector_override() -&gt; None:
        """Test CLI query with explicit sector parameter override."""
        query = "Find anomalies in retention"
    
        exit_code, stdout, stderr = run_cli_query(
            query,
            extra_args=["--sector", "Finance"],
        )
    
        # Should exit successfully
&gt;       assert exit_code == 0, f"CLI failed with stderr: {stderr}"
E       AssertionError: CLI failed with stderr: &lt;frozen runpy&gt;:128: RuntimeWarning: 'src.qnwis.cli.qnwis_workflow' found in sys.modules after import of package 'src.qnwis.cli', but prior to execution of 'src.qnwis.cli.qnwis_workflow'; this may result in unpredictable behaviour
E         2025-11-08 16:16:32,531 - src.qnwis.orchestration.nodes.error - ERROR - Handling workflow error: Clarification required (confidence 0.40 &lt; 0.55). Could you clarify the primary labour market metric or sector for "Find anomalies in retention"?
E         
E       assert 1 == 0

tests\integration\orchestration\test_cli_query_mode.py:370: AssertionError</failure></testcase><testcase classname="tests.integration.orchestration.test_graph_coordination.TestGraphCoordinationSingle" name="test_single_mode_execution" time="0.001" /><testcase classname="tests.integration.orchestration.test_graph_coordination.TestGraphCoordinationSingle" name="test_single_mode_with_findings" time="0.001" /><testcase classname="tests.integration.orchestration.test_graph_coordination.TestGraphCoordinationParallel" name="test_parallel_mode_execution" time="0.001" /><testcase classname="tests.integration.orchestration.test_graph_coordination.TestGraphCoordinationParallel" name="test_parallel_mode_merges_correctly" time="0.002"><failure message="AssertionError: assert 1 &gt;= 2&#10; +  where 1 = len([Citation(query_id='test_query', dataset_id='test_dataset', locator='test.csv', fields=['field1'], timestamp=None)])&#10; +    where [Citation(query_id='test_query', dataset_id='test_dataset', locator='test.csv', fields=['field1'], timestamp=None)] = OrchestrationResult(ok=True, intent='test.agent1', sections=[ReportSection(title='Executive Summary', body_md='**Agent1 Finding**: Test finding from Agent1'), ReportSection(title='Executive Summary', body_md='**Agent2 Finding**: Test finding from Agent2'), ReportSection(title='Key Findings', body_md='### Agent1 Finding\n\nTest finding from Agent1\n\n**Metrics**: value=42.00'), ReportSection(title='Key Findings', body_md='### Agent2 Finding\n\nTest finding from Agent2\n\n**Metrics**: value=42.00'), ReportSection(title='Evidence', body_md='- **test_dataset** (test_query): test.csv')], citations=[Citation(query_id='test_query', dataset_id='test_dataset', locator='test.csv', fields=['field1'], timestamp=None)], freshness={'test_dataset': Freshness(source='test_dataset', last_updated='2024-01-01', age_days=None, min_timestamp='2024-01-01', max_timestamp='2024-01-01')}, reproducibility=Reproducibility(method='Agent1.run, Agent2.run', params={'merged_from': ['Agent1.run', 'Agent2.run']}, timestamp='2025-11-08T16:16:32.687460'), warnings=[], request_id=None, timestamp='2025-11-08T16:16:32.687460', agent_traces=[{'intent': 'test.agent1', 'agent': 'StubAgent', 'method': 'run', 'elapsed_ms': 0.015700003132224083, 'attempt': 1, 'success': True, 'warnings': []}, {'intent': 'test.agent2', 'agent': 'StubAgent', 'method': 'run', 'elapsed_ms': 0.014599994756281376, 'attempt': 1, 'success': True, 'warnings': []}], cache_stats={}, verification={}, redactions_applied=0, issues_summary={}, audit_manifest=None, audit_id=None, confidence=None).citations">self = &lt;tests.integration.orchestration.test_graph_coordination.TestGraphCoordinationParallel object at 0x000001DB06AF3C90&gt;

    def test_parallel_mode_merges_correctly(self):
        """Test parallel mode merges multiple agent outputs."""
        registry = AgentRegistry()
        agent1 = StubAgent("Agent1")
        agent2 = StubAgent("Agent2")
        registry.register("test.agent1", agent1, "run")
        registry.register("test.agent2", agent2, "run")
    
        coordinator = Coordinator(registry, CoordinationPolicy())
    
        specs = [
            AgentCallSpec(intent="test.agent1", method="run", params={}),
            AgentCallSpec(intent="test.agent2", method="run", params={}),
        ]
    
        waves = coordinator.plan("test.agent1", specs, "parallel")
        results = coordinator.execute(waves, prefetch_cache={}, mode="parallel")
        merged = coordinator.aggregate(results)
    
        assert merged.ok is True
        assert len(merged.sections) &gt;= 2  # At least one section from each agent
        # Should have citations from both agents
&gt;       assert len(merged.citations) &gt;= 2
E       AssertionError: assert 1 &gt;= 2
E        +  where 1 = len([Citation(query_id='test_query', dataset_id='test_dataset', locator='test.csv', fields=['field1'], timestamp=None)])
E        +    where [Citation(query_id='test_query', dataset_id='test_dataset', locator='test.csv', fields=['field1'], timestamp=None)] = OrchestrationResult(ok=True, intent='test.agent1', sections=[ReportSection(title='Executive Summary', body_md='**Agent1 Finding**: Test finding from Agent1'), ReportSection(title='Executive Summary', body_md='**Agent2 Finding**: Test finding from Agent2'), ReportSection(title='Key Findings', body_md='### Agent1 Finding\n\nTest finding from Agent1\n\n**Metrics**: value=42.00'), ReportSection(title='Key Findings', body_md='### Agent2 Finding\n\nTest finding from Agent2\n\n**Metrics**: value=42.00'), ReportSection(title='Evidence', body_md='- **test_dataset** (test_query): test.csv')], citations=[Citation(query_id='test_query', dataset_id='test_dataset', locator='test.csv', fields=['field1'], timestamp=None)], freshness={'test_dataset': Freshness(source='test_dataset', last_updated='2024-01-01', age_days=None, min_timestamp='2024-01-01', max_timestamp='2024-01-01')}, reproducibility=Reproducibility(method='Agent1.run, Agent2.run', params={'merged_from': ['Agent1.run', 'Agent2.run']}, timestamp='2025-11-08T16:16:32.687460'), warnings=[], request_id=None, timestamp='2025-11-08T16:16:32.687460', agent_traces=[{'intent': 'test.agent1', 'agent': 'StubAgent', 'method': 'run', 'elapsed_ms': 0.015700003132224083, 'attempt': 1, 'success': True, 'warnings': []}, {'intent': 'test.agent2', 'agent': 'StubAgent', 'method': 'run', 'elapsed_ms': 0.014599994756281376, 'attempt': 1, 'success': True, 'warnings': []}], cache_stats={}, verification={}, redactions_applied=0, issues_summary={}, audit_manifest=None, audit_id=None, confidence=None).citations

tests\integration\orchestration\test_graph_coordination.py:219: AssertionError</failure></testcase><testcase classname="tests.integration.orchestration.test_graph_coordination.TestGraphCoordinationSequential" name="test_sequential_mode_execution" time="0.001" /><testcase classname="tests.integration.orchestration.test_graph_coordination.TestGraphCoordinationSequential" name="test_sequential_mode_with_dependencies" time="0.001" /><testcase classname="tests.integration.orchestration.test_graph_coordination.TestGraphCoordinationSequential" name="test_sequential_mode_skips_dependent_on_failure" time="0.001"><failure message="ValueError: per_agent_timeout_ms must be at least 1000ms">self = &lt;tests.integration.orchestration.test_graph_coordination.TestGraphCoordinationSequential object at 0x000001DB07AD5150&gt;

    def test_sequential_mode_skips_dependent_on_failure(self):
        """Test sequential mode skips dependent when prerequisite fails."""
        registry = AgentRegistry()
        failing_agent = StubAgent("FailingAgent", return_findings=False)
        dependent_agent = StubAgent("DependentAgent")
        registry.register("test.failing", failing_agent, "run")
        registry.register("test.dependent", dependent_agent, "run")
    
        # Force failing agent to timeout
&gt;       policy = CoordinationPolicy(per_agent_timeout_ms=1)
                 ^^^^^^^^^^^^^^^^^^^^^^^^^^^^^^^^^^^^^^^^^^

tests\integration\orchestration\test_graph_coordination.py:283: 
_ _ _ _ _ _ _ _ _ _ _ _ _ _ _ _ _ _ _ _ _ _ _ _ _ _ _ _ _ _ _ _ _ _ _ _ _ _ _ _
&lt;string&gt;:9: in __init__
    ???
_ _ _ _ _ _ _ _ _ _ _ _ _ _ _ _ _ _ _ _ _ _ _ _ _ _ _ _ _ _ _ _ _ _ _ _ _ _ _ _

self = CoordinationPolicy(max_parallel=3, crisis_parallel=5, per_agent_timeout_ms=1, total_timeout_ms=60000, strict_merge=False, retry_transient=1)

    def __post_init__(self) -&gt; None:
        """Validate policy constraints."""
        if self.max_parallel &lt; 1:
            raise ValueError("max_parallel must be at least 1")
        if self.crisis_parallel &lt; self.max_parallel:
            raise ValueError("crisis_parallel must be &gt;= max_parallel")
        if self.per_agent_timeout_ms &lt; 1000:
&gt;           raise ValueError("per_agent_timeout_ms must be at least 1000ms")
E           ValueError: per_agent_timeout_ms must be at least 1000ms

src\qnwis\orchestration\policies.py:42: ValueError</failure></testcase><testcase classname="tests.integration.orchestration.test_graph_coordination.TestGraphCoordinationCrisis" name="test_crisis_mode_uses_higher_parallelism" time="0.001" /><testcase classname="tests.integration.orchestration.test_graph_coordination.TestGraphCoordinationPrefetch" name="test_prefetch_populates_cache" time="0.002"><failure message="src.qnwis.orchestration.prefetch.PrefetchError: Prefetch failed for run({'query_id': 'query1'}): 2 validation errors for Provenance&#10;source&#10;  Field required [type=missing, input_value={'dataset_id': 'prefetch_... 'source_format': 'csv'}, input_type=dict]&#10;    For further information visit https://errors.pydantic.dev/2.12/v/missing&#10;fields&#10;  Field required [type=missing, input_value={'dataset_id': 'prefetch_... 'source_format': 'csv'}, input_type=dict]&#10;    For further information visit https://errors.pydantic.dev/2.12/v/missing">self = &lt;tests.integration.orchestration.test_graph_coordination.MockDataClient object at 0x000001DB0AEE7110&gt;
query_id = 'query1'

    def run(self, query_id: str) -&gt; QueryResult:
        """Mock run method."""
        self.calls.append(("run", {"query_id": query_id}))
        return QueryResult(
            query_id=query_id,
            rows=[Row(data={"value": 100})],
&gt;           provenance=Provenance(
                dataset_id="prefetch_dataset",
                locator="prefetch.csv",
                source_format="csv",
            ),
            freshness=Freshness(asof_date="2024-01-01"),
        )
E       pydantic_core._pydantic_core.ValidationError: 2 validation errors for Provenance
E       source
E         Field required [type=missing, input_value={'dataset_id': 'prefetch_... 'source_format': 'csv'}, input_type=dict]
E           For further information visit https://errors.pydantic.dev/2.12/v/missing
E       fields
E         Field required [type=missing, input_value={'dataset_id': 'prefetch_... 'source_format': 'csv'}, input_type=dict]
E           For further information visit https://errors.pydantic.dev/2.12/v/missing

tests\integration\orchestration\test_graph_coordination.py:92: ValidationError

The above exception was the direct cause of the following exception:

self = &lt;tests.integration.orchestration.test_graph_coordination.TestGraphCoordinationPrefetch object at 0x000001DB07AD6210&gt;

    def test_prefetch_populates_cache(self):
        """Test that prefetch specs populate cache for agents."""
        client = MockDataClient()
        prefetcher = Prefetcher(client)
    
        specs = [
            PrefetchSpec(
                fn="run",
                params={"query_id": "query1"},
                cache_key="key1",
            ),
            PrefetchSpec(
                fn="get_metrics",
                params={"sector": "health"},
                cache_key="key2",
            ),
        ]
    
&gt;       cache = prefetcher.run(specs)
                ^^^^^^^^^^^^^^^^^^^^^

tests\integration\orchestration\test_graph_coordination.py:357: 
_ _ _ _ _ _ _ _ _ _ _ _ _ _ _ _ _ _ _ _ _ _ _ _ _ _ _ _ _ _ _ _ _ _ _ _ _ _ _ _

self = &lt;src.qnwis.orchestration.prefetch.Prefetcher object at 0x000001DB0AEE6B10&gt;
specs = [{'cache_key': 'key1', 'fn': 'run', 'params': {'query_id': 'query1'}}, {'cache_key': 'key2', 'fn': 'get_metrics', 'params': {'sector': 'health'}}]

    def run(self, specs: List[PrefetchSpec]) -&gt; Dict[str, QueryResult]:
        """
        Execute prefetch specifications and return cache.
    
        Args:
            specs: List of PrefetchSpec declarations
    
        Returns:
            Dictionary mapping cache_key to QueryResult
    
        Raises:
            PrefetchError: If prefetch fails or times out
        """
        start_time = time.perf_counter()
        cache: Dict[str, QueryResult] = {}
        seen_keys: set[str] = set()
    
        logger.info("Starting prefetch with %d specs", len(specs))
    
        for idx, spec in enumerate(specs):
            # Check timeout
            elapsed_ms = (time.perf_counter() - start_time) * 1000
            if elapsed_ms &gt; self.timeout_ms:
                msg = f"Prefetch timeout after {elapsed_ms:.0f}ms (limit: {self.timeout_ms}ms)"
                logger.error(msg)
                raise PrefetchError(msg)
    
            cache_key = spec["cache_key"]
    
            # Deduplicate by cache_key
            if cache_key in seen_keys:
                logger.debug("Skipping duplicate cache_key: %s", cache_key)
                continue
            seen_keys.add(cache_key)
    
            fn_name = spec["fn"]
            params = spec["params"]
    
            logger.debug(
                "Prefetch [%d/%d]: %s with params=%s",
                idx + 1,
                len(specs),
                fn_name,
                self._sanitize_params(params),
            )
    
            try:
                # Execute via DataClient
                method = getattr(self.client, fn_name, None)
                if method is None:
                    msg = f"DataClient has no method: {fn_name}"
                    logger.error(msg)
                    raise PrefetchError(msg)
    
                if not callable(method):
                    msg = f"DataClient.{fn_name} is not callable"
                    logger.error(msg)
                    raise PrefetchError(msg)
    
                # Call the method
                result = method(**params)
    
                # Validate result type
                if not isinstance(result, QueryResult):
                    msg = (
                        f"DataClient.{fn_name} returned {type(result).__name__}, "
                        "expected QueryResult"
                    )
                    logger.error(msg)
                    raise PrefetchError(msg)
    
                cache[cache_key] = result
                logger.debug("Cached result for key: %s (rows=%d)", cache_key, len(result.rows))
    
                # Write to Redis cache if available
                if self.cache:
                    try:
                        from ..cache.keys import make_cache_key
    
                        qid = getattr(result, "query_id", None)
                        if not isinstance(qid, str) or not qid:
                            raise ValueError(
                                f"Prefetch result from {fn_name} missing query_id."
                            )
                        cache_k, ttl = make_cache_key(
                            fn_name, qid, params, self.cache_version
                        )
                        self.cache.set(cache_k, result, ttl)
                    except Exception as cache_exc:
                        logger.warning(
                            "Failed to write to cache: %s", cache_exc
                        )
    
            except Exception as exc:
                msg = f"Prefetch failed for {fn_name}({params}): {exc}"
                logger.exception(msg)
&gt;               raise PrefetchError(msg) from exc
E               src.qnwis.orchestration.prefetch.PrefetchError: Prefetch failed for run({'query_id': 'query1'}): 2 validation errors for Provenance
E               source
E                 Field required [type=missing, input_value={'dataset_id': 'prefetch_... 'source_format': 'csv'}, input_type=dict]
E                   For further information visit https://errors.pydantic.dev/2.12/v/missing
E               fields
E                 Field required [type=missing, input_value={'dataset_id': 'prefetch_... 'source_format': 'csv'}, input_type=dict]
E                   For further information visit https://errors.pydantic.dev/2.12/v/missing

src\qnwis\orchestration\prefetch.py:153: PrefetchError</failure></testcase><testcase classname="tests.integration.orchestration.test_graph_coordination.TestGraphCoordinationPrefetch" name="test_prefetch_deduplication" time="0.002"><failure message="src.qnwis.orchestration.prefetch.PrefetchError: Prefetch failed for run({'query_id': 'query1'}): 2 validation errors for Provenance&#10;source&#10;  Field required [type=missing, input_value={'dataset_id': 'prefetch_... 'source_format': 'csv'}, input_type=dict]&#10;    For further information visit https://errors.pydantic.dev/2.12/v/missing&#10;fields&#10;  Field required [type=missing, input_value={'dataset_id': 'prefetch_... 'source_format': 'csv'}, input_type=dict]&#10;    For further information visit https://errors.pydantic.dev/2.12/v/missing">self = &lt;tests.integration.orchestration.test_graph_coordination.MockDataClient object at 0x000001DB0A5D5850&gt;
query_id = 'query1'

    def run(self, query_id: str) -&gt; QueryResult:
        """Mock run method."""
        self.calls.append(("run", {"query_id": query_id}))
        return QueryResult(
            query_id=query_id,
            rows=[Row(data={"value": 100})],
&gt;           provenance=Provenance(
                dataset_id="prefetch_dataset",
                locator="prefetch.csv",
                source_format="csv",
            ),
            freshness=Freshness(asof_date="2024-01-01"),
        )
E       pydantic_core._pydantic_core.ValidationError: 2 validation errors for Provenance
E       source
E         Field required [type=missing, input_value={'dataset_id': 'prefetch_... 'source_format': 'csv'}, input_type=dict]
E           For further information visit https://errors.pydantic.dev/2.12/v/missing
E       fields
E         Field required [type=missing, input_value={'dataset_id': 'prefetch_... 'source_format': 'csv'}, input_type=dict]
E           For further information visit https://errors.pydantic.dev/2.12/v/missing

tests\integration\orchestration\test_graph_coordination.py:92: ValidationError

The above exception was the direct cause of the following exception:

self = &lt;tests.integration.orchestration.test_graph_coordination.TestGraphCoordinationPrefetch object at 0x000001DB07AD6810&gt;

    def test_prefetch_deduplication(self):
        """Test that prefetch deduplicates by cache_key."""
        client = MockDataClient()
        prefetcher = Prefetcher(client)
    
        specs = [
            PrefetchSpec(
                fn="run",
                params={"query_id": "query1"},
                cache_key="duplicate",
            ),
            PrefetchSpec(
                fn="run",
                params={"query_id": "query2"},
                cache_key="duplicate",
            ),
        ]
    
&gt;       cache = prefetcher.run(specs)
                ^^^^^^^^^^^^^^^^^^^^^

tests\integration\orchestration\test_graph_coordination.py:382: 
_ _ _ _ _ _ _ _ _ _ _ _ _ _ _ _ _ _ _ _ _ _ _ _ _ _ _ _ _ _ _ _ _ _ _ _ _ _ _ _

self = &lt;src.qnwis.orchestration.prefetch.Prefetcher object at 0x000001DB0A5D5810&gt;
specs = [{'cache_key': 'duplicate', 'fn': 'run', 'params': {'query_id': 'query1'}}, {'cache_key': 'duplicate', 'fn': 'run', 'params': {'query_id': 'query2'}}]

    def run(self, specs: List[PrefetchSpec]) -&gt; Dict[str, QueryResult]:
        """
        Execute prefetch specifications and return cache.
    
        Args:
            specs: List of PrefetchSpec declarations
    
        Returns:
            Dictionary mapping cache_key to QueryResult
    
        Raises:
            PrefetchError: If prefetch fails or times out
        """
        start_time = time.perf_counter()
        cache: Dict[str, QueryResult] = {}
        seen_keys: set[str] = set()
    
        logger.info("Starting prefetch with %d specs", len(specs))
    
        for idx, spec in enumerate(specs):
            # Check timeout
            elapsed_ms = (time.perf_counter() - start_time) * 1000
            if elapsed_ms &gt; self.timeout_ms:
                msg = f"Prefetch timeout after {elapsed_ms:.0f}ms (limit: {self.timeout_ms}ms)"
                logger.error(msg)
                raise PrefetchError(msg)
    
            cache_key = spec["cache_key"]
    
            # Deduplicate by cache_key
            if cache_key in seen_keys:
                logger.debug("Skipping duplicate cache_key: %s", cache_key)
                continue
            seen_keys.add(cache_key)
    
            fn_name = spec["fn"]
            params = spec["params"]
    
            logger.debug(
                "Prefetch [%d/%d]: %s with params=%s",
                idx + 1,
                len(specs),
                fn_name,
                self._sanitize_params(params),
            )
    
            try:
                # Execute via DataClient
                method = getattr(self.client, fn_name, None)
                if method is None:
                    msg = f"DataClient has no method: {fn_name}"
                    logger.error(msg)
                    raise PrefetchError(msg)
    
                if not callable(method):
                    msg = f"DataClient.{fn_name} is not callable"
                    logger.error(msg)
                    raise PrefetchError(msg)
    
                # Call the method
                result = method(**params)
    
                # Validate result type
                if not isinstance(result, QueryResult):
                    msg = (
                        f"DataClient.{fn_name} returned {type(result).__name__}, "
                        "expected QueryResult"
                    )
                    logger.error(msg)
                    raise PrefetchError(msg)
    
                cache[cache_key] = result
                logger.debug("Cached result for key: %s (rows=%d)", cache_key, len(result.rows))
    
                # Write to Redis cache if available
                if self.cache:
                    try:
                        from ..cache.keys import make_cache_key
    
                        qid = getattr(result, "query_id", None)
                        if not isinstance(qid, str) or not qid:
                            raise ValueError(
                                f"Prefetch result from {fn_name} missing query_id."
                            )
                        cache_k, ttl = make_cache_key(
                            fn_name, qid, params, self.cache_version
                        )
                        self.cache.set(cache_k, result, ttl)
                    except Exception as cache_exc:
                        logger.warning(
                            "Failed to write to cache: %s", cache_exc
                        )
    
            except Exception as exc:
                msg = f"Prefetch failed for {fn_name}({params}): {exc}"
                logger.exception(msg)
&gt;               raise PrefetchError(msg) from exc
E               src.qnwis.orchestration.prefetch.PrefetchError: Prefetch failed for run({'query_id': 'query1'}): 2 validation errors for Provenance
E               source
E                 Field required [type=missing, input_value={'dataset_id': 'prefetch_... 'source_format': 'csv'}, input_type=dict]
E                   For further information visit https://errors.pydantic.dev/2.12/v/missing
E               fields
E                 Field required [type=missing, input_value={'dataset_id': 'prefetch_... 'source_format': 'csv'}, input_type=dict]
E                   For further information visit https://errors.pydantic.dev/2.12/v/missing

src\qnwis\orchestration\prefetch.py:153: PrefetchError</failure></testcase><testcase classname="tests.integration.orchestration.test_graph_coordination.TestGraphCoordinationPrefetch" name="test_coordination_with_prefetch_cache" time="0.002"><failure message="src.qnwis.orchestration.prefetch.PrefetchError: Prefetch failed for run({'query_id': 'prefetch_query'}): 2 validation errors for Provenance&#10;source&#10;  Field required [type=missing, input_value={'dataset_id': 'prefetch_... 'source_format': 'csv'}, input_type=dict]&#10;    For further information visit https://errors.pydantic.dev/2.12/v/missing&#10;fields&#10;  Field required [type=missing, input_value={'dataset_id': 'prefetch_... 'source_format': 'csv'}, input_type=dict]&#10;    For further information visit https://errors.pydantic.dev/2.12/v/missing">self = &lt;tests.integration.orchestration.test_graph_coordination.MockDataClient object at 0x000001DB0AEC9790&gt;
query_id = 'prefetch_query'

    def run(self, query_id: str) -&gt; QueryResult:
        """Mock run method."""
        self.calls.append(("run", {"query_id": query_id}))
        return QueryResult(
            query_id=query_id,
            rows=[Row(data={"value": 100})],
&gt;           provenance=Provenance(
                dataset_id="prefetch_dataset",
                locator="prefetch.csv",
                source_format="csv",
            ),
            freshness=Freshness(asof_date="2024-01-01"),
        )
E       pydantic_core._pydantic_core.ValidationError: 2 validation errors for Provenance
E       source
E         Field required [type=missing, input_value={'dataset_id': 'prefetch_... 'source_format': 'csv'}, input_type=dict]
E           For further information visit https://errors.pydantic.dev/2.12/v/missing
E       fields
E         Field required [type=missing, input_value={'dataset_id': 'prefetch_... 'source_format': 'csv'}, input_type=dict]
E           For further information visit https://errors.pydantic.dev/2.12/v/missing

tests\integration\orchestration\test_graph_coordination.py:92: ValidationError

The above exception was the direct cause of the following exception:

self = &lt;tests.integration.orchestration.test_graph_coordination.TestGraphCoordinationPrefetch object at 0x000001DB07AD6E10&gt;

    def test_coordination_with_prefetch_cache(self):
        """Test coordinator execution with populated prefetch cache."""
        registry = AgentRegistry()
        agent = StubAgent("TestAgent")
        registry.register("test.agent", agent, "run")
    
        coordinator = Coordinator(registry, CoordinationPolicy())
    
        # Create prefetch cache
        client = MockDataClient()
        prefetcher = Prefetcher(client)
        prefetch_specs = [
            PrefetchSpec(
                fn="run",
                params={"query_id": "prefetch_query"},
                cache_key="prefetch_key",
            )
        ]
&gt;       prefetch_cache = prefetcher.run(prefetch_specs)
                         ^^^^^^^^^^^^^^^^^^^^^^^^^^^^^^

tests\integration\orchestration\test_graph_coordination.py:407: 
_ _ _ _ _ _ _ _ _ _ _ _ _ _ _ _ _ _ _ _ _ _ _ _ _ _ _ _ _ _ _ _ _ _ _ _ _ _ _ _

self = &lt;src.qnwis.orchestration.prefetch.Prefetcher object at 0x000001DB0AEC96D0&gt;
specs = [{'cache_key': 'prefetch_key', 'fn': 'run', 'params': {'query_id': 'prefetch_query'}}]

    def run(self, specs: List[PrefetchSpec]) -&gt; Dict[str, QueryResult]:
        """
        Execute prefetch specifications and return cache.
    
        Args:
            specs: List of PrefetchSpec declarations
    
        Returns:
            Dictionary mapping cache_key to QueryResult
    
        Raises:
            PrefetchError: If prefetch fails or times out
        """
        start_time = time.perf_counter()
        cache: Dict[str, QueryResult] = {}
        seen_keys: set[str] = set()
    
        logger.info("Starting prefetch with %d specs", len(specs))
    
        for idx, spec in enumerate(specs):
            # Check timeout
            elapsed_ms = (time.perf_counter() - start_time) * 1000
            if elapsed_ms &gt; self.timeout_ms:
                msg = f"Prefetch timeout after {elapsed_ms:.0f}ms (limit: {self.timeout_ms}ms)"
                logger.error(msg)
                raise PrefetchError(msg)
    
            cache_key = spec["cache_key"]
    
            # Deduplicate by cache_key
            if cache_key in seen_keys:
                logger.debug("Skipping duplicate cache_key: %s", cache_key)
                continue
            seen_keys.add(cache_key)
    
            fn_name = spec["fn"]
            params = spec["params"]
    
            logger.debug(
                "Prefetch [%d/%d]: %s with params=%s",
                idx + 1,
                len(specs),
                fn_name,
                self._sanitize_params(params),
            )
    
            try:
                # Execute via DataClient
                method = getattr(self.client, fn_name, None)
                if method is None:
                    msg = f"DataClient has no method: {fn_name}"
                    logger.error(msg)
                    raise PrefetchError(msg)
    
                if not callable(method):
                    msg = f"DataClient.{fn_name} is not callable"
                    logger.error(msg)
                    raise PrefetchError(msg)
    
                # Call the method
                result = method(**params)
    
                # Validate result type
                if not isinstance(result, QueryResult):
                    msg = (
                        f"DataClient.{fn_name} returned {type(result).__name__}, "
                        "expected QueryResult"
                    )
                    logger.error(msg)
                    raise PrefetchError(msg)
    
                cache[cache_key] = result
                logger.debug("Cached result for key: %s (rows=%d)", cache_key, len(result.rows))
    
                # Write to Redis cache if available
                if self.cache:
                    try:
                        from ..cache.keys import make_cache_key
    
                        qid = getattr(result, "query_id", None)
                        if not isinstance(qid, str) or not qid:
                            raise ValueError(
                                f"Prefetch result from {fn_name} missing query_id."
                            )
                        cache_k, ttl = make_cache_key(
                            fn_name, qid, params, self.cache_version
                        )
                        self.cache.set(cache_k, result, ttl)
                    except Exception as cache_exc:
                        logger.warning(
                            "Failed to write to cache: %s", cache_exc
                        )
    
            except Exception as exc:
                msg = f"Prefetch failed for {fn_name}({params}): {exc}"
                logger.exception(msg)
&gt;               raise PrefetchError(msg) from exc
E               src.qnwis.orchestration.prefetch.PrefetchError: Prefetch failed for run({'query_id': 'prefetch_query'}): 2 validation errors for Provenance
E               source
E                 Field required [type=missing, input_value={'dataset_id': 'prefetch_... 'source_format': 'csv'}, input_type=dict]
E                   For further information visit https://errors.pydantic.dev/2.12/v/missing
E               fields
E                 Field required [type=missing, input_value={'dataset_id': 'prefetch_... 'source_format': 'csv'}, input_type=dict]
E                   For further information visit https://errors.pydantic.dev/2.12/v/missing

src\qnwis\orchestration\prefetch.py:153: PrefetchError</failure></testcase><testcase classname="tests.integration.orchestration.test_graph_coordination.TestGraphCoordinationTimeout" name="test_agent_timeout_produces_warning" time="0.052" /><testcase classname="tests.integration.orchestration.test_graph_coordination.TestGraphCoordinationMerge" name="test_merge_combines_sections" time="0.001" /><testcase classname="tests.integration.orchestration.test_graph_coordination.TestGraphCoordinationMerge" name="test_merge_deduplicates_citations" time="0.002"><failure message="AssertionError: assert 1 &gt;= 2&#10; +  where 1 = len([Citation(query_id='test_query', dataset_id='test_dataset', locator='test.csv', fields=['field1'], timestamp=None)])&#10; +    where [Citation(query_id='test_query', dataset_id='test_dataset', locator='test.csv', fields=['field1'], timestamp=None)] = OrchestrationResult(ok=True, intent='test.agent1', sections=[ReportSection(title='Executive Summary', body_md='**Agent1 Finding**: Test finding from Agent1'), ReportSection(title='Executive Summary', body_md='**Agent2 Finding**: Test finding from Agent2'), ReportSection(title='Key Findings', body_md='### Agent1 Finding\n\nTest finding from Agent1\n\n**Metrics**: value=42.00'), ReportSection(title='Key Findings', body_md='### Agent2 Finding\n\nTest finding from Agent2\n\n**Metrics**: value=42.00'), ReportSection(title='Evidence', body_md='- **test_dataset** (test_query): test.csv')], citations=[Citation(query_id='test_query', dataset_id='test_dataset', locator='test.csv', fields=['field1'], timestamp=None)], freshness={'test_dataset': Freshness(source='test_dataset', last_updated='2024-01-01', age_days=None, min_timestamp='2024-01-01', max_timestamp='2024-01-01')}, reproducibility=Reproducibility(method='Agent1.run, Agent2.run', params={'merged_from': ['Agent1.run', 'Agent2.run']}, timestamp='2025-11-08T16:16:32.928349'), warnings=[], request_id=None, timestamp='2025-11-08T16:16:32.928349', agent_traces=[{'intent': 'test.agent1', 'agent': 'StubAgent', 'method': 'run', 'elapsed_ms': 0.015600002370774746, 'attempt': 1, 'success': True, 'warnings': []}, {'intent': 'test.agent2', 'agent': 'StubAgent', 'method': 'run', 'elapsed_ms': 0.013399985618889332, 'attempt': 1, 'success': True, 'warnings': []}], cache_stats={}, verification={}, redactions_applied=0, issues_summary={}, audit_manifest=None, audit_id=None, confidence=None).citations">self = &lt;tests.integration.orchestration.test_graph_coordination.TestGraphCoordinationMerge object at 0x000001DB07AE4550&gt;

    def test_merge_deduplicates_citations(self):
        """Test that merge deduplicates citations."""
        registry = AgentRegistry()
        agent1 = StubAgent("Agent1")
        agent2 = StubAgent("Agent2")
        registry.register("test.agent1", agent1, "run")
        registry.register("test.agent2", agent2, "run")
    
        coordinator = Coordinator(registry, CoordinationPolicy())
    
        specs = [
            AgentCallSpec(intent="test.agent1", method="run", params={}),
            AgentCallSpec(intent="test.agent2", method="run", params={}),
        ]
    
        waves = coordinator.plan("test.agent1", specs, "parallel")
        results = coordinator.execute(waves, prefetch_cache={}, mode="parallel")
        merged = coordinator.aggregate(results)
    
        # Should have at least 2 citations (one from each agent)
&gt;       assert len(merged.citations) &gt;= 2
E       AssertionError: assert 1 &gt;= 2
E        +  where 1 = len([Citation(query_id='test_query', dataset_id='test_dataset', locator='test.csv', fields=['field1'], timestamp=None)])
E        +    where [Citation(query_id='test_query', dataset_id='test_dataset', locator='test.csv', fields=['field1'], timestamp=None)] = OrchestrationResult(ok=True, intent='test.agent1', sections=[ReportSection(title='Executive Summary', body_md='**Agent1 Finding**: Test finding from Agent1'), ReportSection(title='Executive Summary', body_md='**Agent2 Finding**: Test finding from Agent2'), ReportSection(title='Key Findings', body_md='### Agent1 Finding\n\nTest finding from Agent1\n\n**Metrics**: value=42.00'), ReportSection(title='Key Findings', body_md='### Agent2 Finding\n\nTest finding from Agent2\n\n**Metrics**: value=42.00'), ReportSection(title='Evidence', body_md='- **test_dataset** (test_query): test.csv')], citations=[Citation(query_id='test_query', dataset_id='test_dataset', locator='test.csv', fields=['field1'], timestamp=None)], freshness={'test_dataset': Freshness(source='test_dataset', last_updated='2024-01-01', age_days=None, min_timestamp='2024-01-01', max_timestamp='2024-01-01')}, reproducibility=Reproducibility(method='Agent1.run, Agent2.run', params={'merged_from': ['Agent1.run', 'Agent2.run']}, timestamp='2025-11-08T16:16:32.928349'), warnings=[], request_id=None, timestamp='2025-11-08T16:16:32.928349', agent_traces=[{'intent': 'test.agent1', 'agent': 'StubAgent', 'method': 'run', 'elapsed_ms': 0.015600002370774746, 'attempt': 1, 'success': True, 'warnings': []}, {'intent': 'test.agent2', 'agent': 'StubAgent', 'method': 'run', 'elapsed_ms': 0.013399985618889332, 'attempt': 1, 'success': True, 'warnings': []}], cache_stats={}, verification={}, redactions_applied=0, issues_summary={}, audit_manifest=None, audit_id=None, confidence=None).citations

tests\integration\orchestration\test_graph_coordination.py:515: AssertionError</failure></testcase><testcase classname="tests.integration.orchestration.test_graph_coordination.TestGraphCoordinationMerge" name="test_merge_tracks_agent_traces" time="0.001" /><testcase classname="tests.integration.orchestration.test_graph_end_to_end" name="test_graph_pattern_anomalies_end_to_end" time="0.001"><error message="failed on setup with &quot;pydantic_core._pydantic_core.ValidationError: 2 validation errors for Provenance&#10;source&#10;  Field required [type=missing, input_value={'dataset_id': 'attrition...': 'data/attrition.csv'}, input_type=dict]&#10;    For further information visit https://errors.pydantic.dev/2.12/v/missing&#10;fields&#10;  Field required [type=missing, input_value={'dataset_id': 'attrition...': 'data/attrition.csv'}, input_type=dict]&#10;    For further information visit https://errors.pydantic.dev/2.12/v/missing&quot;">@pytest.fixture
    def stubbed_client() -&gt; StubbedDataClient:
        """Fixture providing a stubbed client with synthetic data."""
        client = StubbedDataClient()
    
        # Add synthetic attrition data for pattern detective
        attrition_result = QueryResult(
            query_id="syn_attrition_by_sector_latest",
            rows=[
[...]
&gt;       with path.open("w", newline="", encoding="utf-8") as f:
E       OSError: [Errno 28] No space left on device

src\qnwis\data\synthetic\seed_lmis.py:89: OSError</error></testcase><testcase classname="tests.integration.test_council_end_to_end" name="test_council_verification_format" time="0.010"><error message="failed on setup with &quot;OSError: [Errno 28] No space left on device&quot;">path = WindowsPath('C:/Users/admin-salim/AppData/Local/Temp/2/pytest-of-admin-salim/pytest-169/test_council_verification_form0/companies.csv')
n_companies = 800, r = &lt;random.Random object at 0x000001DB0A091CA0&gt;

    def _write_companies(path: Path, n_companies: int, r: random.Random) -&gt; None:
        """Emit companies.csv with deterministic company roster."""
        with path.open("w", newline="", encoding="utf-8") as f:
            writer = csv.writer(f, delimiter=";")
            writer.writerow(CompaniesSchema().columns)
            for cid in range(1, n_companies + 1):
                sector = r.choice(SECTORS)
                size_band = _weighted_choice(
                    r,
                    [
                        ("Micro", 0.15),
                        ("Small", 0.35),
                        ("Medium", 0.30),
                        ("Large", 0.15),
                        ("XL", 0.05),
                    ],
                )
                founded = r.randint(FOUNDED_YEAR_MIN, FOUNDED_YEAR_MAX)
&gt;               writer.writerow([cid, f"Company {cid:05d}", sector, size_band, founded])
E               OSError: [Errno 28] No space left on device

src\qnwis\data\synthetic\seed_lmis.py:105: OSError

During handling of the above exception, another exception occurred:
Traceback (most recent call last):
  File "d:\lmis_int\src\qnwis\data\synthetic\seed_lmis.py", line 105, in _write_companies
    writer.writerow([cid, f"Company {cid:05d}", sector, size_band, founded])
OSError: [Errno 28] No space left on device

During handling of the above exception, another exception occurred:

OSError: [Errno 28] No space left on device

During handling of the above exception, another exception occurred:

tmp_path = WindowsPath('C:/Users/admin-salim/AppData/Local/Temp/2/pytest-of-admin-salim/pytest-169/test_council_verification_form0')
monkeypatch = &lt;_pytest.monkeypatch.MonkeyPatch object at 0x000001DB0C8966D0&gt;

    @pytest.fixture
    def synthetic_data_env(tmp_path, monkeypatch):
        """Set up synthetic data environment."""
        # Generate synthetic data
&gt;       generate_synthetic_lmis(str(tmp_path))

tests\integration\test_council_end_to_end.py:22: 
_ _ _ _ _ _ _ _ _ _ _ _ _ _ _ _ _ _ _ _ _ _ _ _ _ _ _ _ _ _ _ _ _ _ _ _ _ _ _ _
src\qnwis\data\synthetic\seed_lmis.py:303: in generate_synthetic_lmis
    _write_companies(companies_path, n_companies, r)
_ _ _ _ _ _ _ _ _ _ _ _ _ _ _ _ _ _ _ _ _ _ _ _ _ _ _ _ _ _ _ _ _ _ _ _ _ _ _ _

path = WindowsPath('C:/Users/admin-salim/AppData/Local/Temp/2/pytest-of-admin-salim/pytest-169/test_council_verification_form0/companies.csv')
n_companies = 800, r = &lt;random.Random object at 0x000001DB0A091CA0&gt;

    def _write_companies(path: Path, n_companies: int, r: random.Random) -&gt; None:
        """Emit companies.csv with deterministic company roster."""
&gt;       with path.open("w", newline="", encoding="utf-8") as f:
E       OSError: [Errno 28] No space left on device

src\qnwis\data\synthetic\seed_lmis.py:89: OSError</error></testcase><testcase classname="tests.integration.test_council_end_to_end" name="test_council_deterministic" time="0.010"><error message="failed on setup with &quot;OSError: [Errno 28] No space left on device&quot;">path = WindowsPath('C:/Users/admin-salim/AppData/Local/Temp/2/pytest-of-admin-salim/pytest-169/test_council_deterministic0/companies.csv')
n_companies = 800, r = &lt;random.Random object at 0x000001DB0A0930C0&gt;

    def _write_companies(path: Path, n_companies: int, r: random.Random) -&gt; None:
        """Emit companies.csv with deterministic company roster."""
        with path.open("w", newline="", encoding="utf-8") as f:
            writer = csv.writer(f, delimiter=";")
            writer.writerow(CompaniesSchema().columns)
            for cid in range(1, n_companies + 1):
                sector = r.choice(SECTORS)
                size_band = _weighted_choice(
                    r,
                    [
                        ("Micro", 0.15),
                        ("Small", 0.35),
                        ("Medium", 0.30),
                        ("Large", 0.15),
                        ("XL", 0.05),
                    ],
                )
                founded = r.randint(FOUNDED_YEAR_MIN, FOUNDED_YEAR_MAX)
&gt;               writer.writerow([cid, f"Company {cid:05d}", sector, size_band, founded])
E               OSError: [Errno 28] No space left on device

src\qnwis\data\synthetic\seed_lmis.py:105: OSError

During handling of the above exception, another exception occurred:
Traceback (most recent call last):
  File "d:\lmis_int\src\qnwis\data\synthetic\seed_lmis.py", line 105, in _write_companies
    writer.writerow([cid, f"Company {cid:05d}", sector, size_band, founded])
OSError: [Errno 28] No space left on device

During handling of the above exception, another exception occurred:

OSError: [Errno 28] No space left on device

During handling of the above exception, another exception occurred:

tmp_path = WindowsPath('C:/Users/admin-salim/AppData/Local/Temp/2/pytest-of-admin-salim/pytest-169/test_council_deterministic0')
monkeypatch = &lt;_pytest.monkeypatch.MonkeyPatch object at 0x000001DB0BCDB610&gt;

    @pytest.fixture
    def synthetic_data_env(tmp_path, monkeypatch):
        """Set up synthetic data environment."""
        # Generate synthetic data
&gt;       generate_synthetic_lmis(str(tmp_path))

tests\integration\test_council_end_to_end.py:22: 
_ _ _ _ _ _ _ _ _ _ _ _ _ _ _ _ _ _ _ _ _ _ _ _ _ _ _ _ _ _ _ _ _ _ _ _ _ _ _ _
src\qnwis\data\synthetic\seed_lmis.py:303: in generate_synthetic_lmis
    _write_companies(companies_path, n_companies, r)
_ _ _ _ _ _ _ _ _ _ _ _ _ _ _ _ _ _ _ _ _ _ _ _ _ _ _ _ _ _ _ _ _ _ _ _ _ _ _ _

path = WindowsPath('C:/Users/admin-salim/AppData/Local/Temp/2/pytest-of-admin-salim/pytest-169/test_council_deterministic0/companies.csv')
n_companies = 800, r = &lt;random.Random object at 0x000001DB0A0930C0&gt;

    def _write_companies(path: Path, n_companies: int, r: random.Random) -&gt; None:
        """Emit companies.csv with deterministic company roster."""
&gt;       with path.open("w", newline="", encoding="utf-8") as f:
E       OSError: [Errno 28] No space left on device

src\qnwis\data\synthetic\seed_lmis.py:89: OSError</error></testcase><testcase classname="tests.integration.test_dashboard_static" name="test_static_dashboard_served" time="0.058" /><testcase classname="tests.integration.test_dashboard_static" name="test_dashboard_has_expected_structure" time="0.015" /><testcase classname="tests.integration.test_dashboard_static" name="test_dashboard_has_export_links" time="0.014" /><testcase classname="tests.integration.test_dashboard_static" name="test_dashboard_has_inline_css" time="0.013" /><testcase classname="tests.integration.test_dashboard_static" name="test_dashboard_has_js" time="0.013" /><testcase classname="tests.integration.test_dashboard_static" name="test_static_css_missing" time="0.007" /><testcase classname="tests.integration.test_dashboard_static" name="test_static_js_served" time="0.007" /><testcase classname="tests.integration.test_data_api_on_synthetic.TestEndToEndDataAPI" name="test_data_api_end_to_end" time="0.011"><failure message="OSError: [Errno 28] No space left on device">path = WindowsPath('C:/Users/admin-salim/AppData/Local/Temp/2/pytest-of-admin-salim/pytest-169/test_data_api_end_to_end0/companies.csv')
n_companies = 800, r = &lt;random.Random object at 0x000001DB0A091CA0&gt;

    def _write_companies(path: Path, n_companies: int, r: random.Random) -&gt; None:
        """Emit companies.csv with deterministic company roster."""
        with path.open("w", newline="", encoding="utf-8") as f:
            writer = csv.writer(f, delimiter=";")
            writer.writerow(CompaniesSchema().columns)
            for cid in range(1, n_companies + 1):
                sector = r.choice(SECTORS)
                size_band = _weighted_choice(
                    r,
                    [
                        ("Micro", 0.15),
                        ("Small", 0.35),
                        ("Medium", 0.30),
                        ("Large", 0.15),
                        ("XL", 0.05),
                    ],
                )
                founded = r.randint(FOUNDED_YEAR_MIN, FOUNDED_YEAR_MAX)
&gt;               writer.writerow([cid, f"Company {cid:05d}", sector, size_band, founded])
E               OSError: [Errno 28] No space left on device

src\qnwis\data\synthetic\seed_lmis.py:105: OSError

During handling of the above exception, another exception occurred:
Traceback (most recent call last):
  File "d:\lmis_int\src\qnwis\data\synthetic\seed_lmis.py", line 105, in _write_companies
    writer.writerow([cid, f"Company {cid:05d}", sector, size_band, founded])
OSError: [Errno 28] No space left on device

During handling of the above exception, another exception occurred:

OSError: [Errno 28] No space left on device

During handling of the above exception, another exception occurred:

self = &lt;tests.integration.test_data_api_on_synthetic.TestEndToEndDataAPI object at 0x000001DB08F0BE10&gt;
tmp_path = WindowsPath('C:/Users/admin-salim/AppData/Local/Temp/2/pytest-of-admin-salim/pytest-169/test_data_api_end_to_end0')
monkeypatch = &lt;_pytest.monkeypatch.MonkeyPatch object at 0x000001DB0BD2EB50&gt;

    def test_data_api_end_to_end(self, tmp_path, monkeypatch):
        """Test complete Data API workflow with synthetic data."""
&gt;       generate_synthetic_lmis(str(tmp_path))

tests\integration\test_data_api_on_synthetic.py:34: 
_ _ _ _ _ _ _ _ _ _ _ _ _ _ _ _ _ _ _ _ _ _ _ _ _ _ _ _ _ _ _ _ _ _ _ _ _ _ _ _
src\qnwis\data\synthetic\seed_lmis.py:303: in generate_synthetic_lmis
    _write_companies(companies_path, n_companies, r)
_ _ _ _ _ _ _ _ _ _ _ _ _ _ _ _ _ _ _ _ _ _ _ _ _ _ _ _ _ _ _ _ _ _ _ _ _ _ _ _

path = WindowsPath('C:/Users/admin-salim/AppData/Local/Temp/2/pytest-of-admin-salim/pytest-169/test_data_api_end_to_end0/companies.csv')
n_companies = 800, r = &lt;random.Random object at 0x000001DB0A091CA0&gt;

    def _write_companies(path: Path, n_companies: int, r: random.Random) -&gt; None:
        """Emit companies.csv with deterministic company roster."""
&gt;       with path.open("w", newline="", encoding="utf-8") as f:
E       OSError: [Errno 28] No space left on device

src\qnwis\data\synthetic\seed_lmis.py:89: OSError</failure></testcase><testcase classname="tests.integration.test_data_api_on_synthetic.TestEndToEndDataAPI" name="test_all_employment_methods" time="0.010"><error message="failed on setup with &quot;OSError: [Errno 28] No space left on device&quot;">path = WindowsPath('C:/Users/admin-salim/AppData/Local/Temp/2/pytest-of-admin-salim/pytest-169/test_all_employment_methods0/companies.csv')
n_companies = 800, r = &lt;random.Random object at 0x000001DB0A093AD0&gt;

    def _write_companies(path: Path, n_companies: int, r: random.Random) -&gt; None:
        """Emit companies.csv with deterministic company roster."""
        with path.open("w", newline="", encoding="utf-8") as f:
            writer = csv.writer(f, delimiter=";")
            writer.writerow(CompaniesSchema().columns)
            for cid in range(1, n_companies + 1):
                sector = r.choice(SECTORS)
                size_band = _weighted_choice(
                    r,
                    [
                        ("Micro", 0.15),
                        ("Small", 0.35),
                        ("Medium", 0.30),
                        ("Large", 0.15),
                        ("XL", 0.05),
                    ],
                )
                founded = r.randint(FOUNDED_YEAR_MIN, FOUNDED_YEAR_MAX)
&gt;               writer.writerow([cid, f"Company {cid:05d}", sector, size_band, founded])
E               OSError: [Errno 28] No space left on device

src\qnwis\data\synthetic\seed_lmis.py:105: OSError

During handling of the above exception, another exception occurred:
Traceback (most recent call last):
  File "d:\lmis_int\src\qnwis\data\synthetic\seed_lmis.py", line 105, in _write_companies
    writer.writerow([cid, f"Company {cid:05d}", sector, size_band, founded])
OSError: [Errno 28] No space left on device

During handling of the above exception, another exception occurred:

OSError: [Errno 28] No space left on device

During handling of the above exception, another exception occurred:

tmp_path = WindowsPath('C:/Users/admin-salim/AppData/Local/Temp/2/pytest-of-admin-salim/pytest-169/test_all_employment_methods0')

    @pytest.fixture
    def synthetic_data_api(tmp_path):
        """Fixture providing DataAPI with synthetic data."""
&gt;       generate_synthetic_lmis(str(tmp_path))

tests\integration\test_data_api_on_synthetic.py:21: 
_ _ _ _ _ _ _ _ _ _ _ _ _ _ _ _ _ _ _ _ _ _ _ _ _ _ _ _ _ _ _ _ _ _ _ _ _ _ _ _
src\qnwis\data\synthetic\seed_lmis.py:303: in generate_synthetic_lmis
    _write_companies(companies_path, n_companies, r)
_ _ _ _ _ _ _ _ _ _ _ _ _ _ _ _ _ _ _ _ _ _ _ _ _ _ _ _ _ _ _ _ _ _ _ _ _ _ _ _

path = WindowsPath('C:/Users/admin-salim/AppData/Local/Temp/2/pytest-of-admin-salim/pytest-169/test_all_employment_methods0/companies.csv')
n_companies = 800, r = &lt;random.Random object at 0x000001DB0A093AD0&gt;

    def _write_companies(path: Path, n_companies: int, r: random.Random) -&gt; None:
        """Emit companies.csv with deterministic company roster."""
&gt;       with path.open("w", newline="", encoding="utf-8") as f:
E       OSError: [Errno 28] No space left on device

src\qnwis\data\synthetic\seed_lmis.py:89: OSError</error></testcase><testcase classname="pytest" name="internal" time="0.000"><error message="internal error">Traceback (most recent call last):
  File "D:\lmis_int\.venv\Lib\site-packages\_pytest\main.py", line 289, in wrap_session
    session.exitstatus = doit(config, session) or 0
                         ^^^^^^^^^^^^^^^^^^^^^
  File "D:\lmis_int\.venv\Lib\site-packages\_pytest\main.py", line 343, in _main
    config.hook.pytest_runtestloop(session=session)
  File "D:\lmis_int\.venv\Lib\site-packages\pluggy\_hooks.py", line 512, in __call__
    return self._hookexec(self.name, self._hookimpls.copy(), kwargs, firstresult)
           ^^^^^^^^^^^^^^^^^^^^^^^^^^^^^^^^^^^^^^^^^^^^^^^^^^^^^^^^^^^^^^^^^^^^^^
  File "D:\lmis_int\.venv\Lib\site-packages\pluggy\_manager.py", line 120, in _hookexec
    return self._inner_hookexec(hook_name, methods, kwargs, firstresult)
           ^^^^^^^^^^^^^^^^^^^^^^^^^^^^^^^^^^^^^^^^^^^^^^^^^^^^^^^^^^^^^
  File "D:\lmis_int\.venv\Lib\site-packages\pluggy\_callers.py", line 167, in _multicall
    raise exception
  File "D:\lmis_int\.venv\Lib\site-packages\pluggy\_callers.py", line 139, in _multicall
    teardown.throw(exception)
  File "D:\lmis_int\.venv\Lib\site-packages\_pytest\logging.py", line 801, in pytest_runtestloop
    return (yield)  # Run all the tests.
            ^^^^^
  File "D:\lmis_int\.venv\Lib\site-packages\pluggy\_callers.py", line 139, in _multicall
    teardown.throw(exception)
  File "D:\lmis_int\.venv\Lib\site-packages\_pytest\terminal.py", line 688, in pytest_runtestloop
    result = yield
             ^^^^^
  File "D:\lmis_int\.venv\Lib\site-packages\pluggy\_callers.py", line 139, in _multicall
    teardown.throw(exception)
  File "D:\lmis_int\.venv\Lib\site-packages\pytest_cov\plugin.py", line 345, in pytest_runtestloop
    result = yield
             ^^^^^
  File "D:\lmis_int\.venv\Lib\site-packages\pluggy\_callers.py", line 121, in _multicall
    res = hook_impl.function(*args)
          ^^^^^^^^^^^^^^^^^^^^^^^^^
  File "D:\lmis_int\.venv\Lib\site-packages\_pytest\main.py", line 367, in pytest_runtestloop
    item.config.hook.pytest_runtest_protocol(item=item, nextitem=nextitem)
  File "D:\lmis_int\.venv\Lib\site-packages\pluggy\_hooks.py", line 512, in __call__
    return self._hookexec(self.name, self._hookimpls.copy(), kwargs, firstresult)
           ^^^^^^^^^^^^^^^^^^^^^^^^^^^^^^^^^^^^^^^^^^^^^^^^^^^^^^^^^^^^^^^^^^^^^^
  File "D:\lmis_int\.venv\Lib\site-packages\pluggy\_manager.py", line 120, in _hookexec
    return self._inner_hookexec(hook_name, methods, kwargs, firstresult)
           ^^^^^^^^^^^^^^^^^^^^^^^^^^^^^^^^^^^^^^^^^^^^^^^^^^^^^^^^^^^^^
  File "D:\lmis_int\.venv\Lib\site-packages\pluggy\_callers.py", line 167, in _multicall
    raise exception
  File "D:\lmis_int\.venv\Lib\site-packages\pluggy\_callers.py", line 139, in _multicall
    teardown.throw(exception)
  File "D:\lmis_int\.venv\Lib\site-packages\_pytest\warnings.py", line 90, in pytest_runtest_protocol
    return (yield)
            ^^^^^
  File "D:\lmis_int\.venv\Lib\site-packages\pluggy\_callers.py", line 139, in _multicall
    teardown.throw(exception)
  File "D:\lmis_int\.venv\Lib\site-packages\_pytest\assertion\__init__.py", line 192, in pytest_runtest_protocol
    return (yield)
            ^^^^^
  File "D:\lmis_int\.venv\Lib\site-packages\pluggy\_callers.py", line 139, in _multicall
    teardown.throw(exception)
  File "D:\lmis_int\.venv\Lib\site-packages\_pytest\unittest.py", line 475, in pytest_runtest_protocol
    return (yield)
            ^^^^^
  File "D:\lmis_int\.venv\Lib\site-packages\pluggy\_callers.py", line 139, in _multicall
    teardown.throw(exception)
  File "D:\lmis_int\.venv\Lib\site-packages\_pytest\faulthandler.py", line 88, in pytest_runtest_protocol
    return (yield)
            ^^^^^
  File "D:\lmis_int\.venv\Lib\site-packages\pluggy\_callers.py", line 121, in _multicall
    res = hook_impl.function(*args)
          ^^^^^^^^^^^^^^^^^^^^^^^^^
  File "D:\lmis_int\.venv\Lib\site-packages\_pytest\runner.py", line 117, in pytest_runtest_protocol
    runtestprotocol(item, nextitem=nextitem)
  File "D:\lmis_int\.venv\Lib\site-packages\_pytest\runner.py", line 130, in runtestprotocol
    rep = call_and_report(item, "setup", log)
          ^^^^^^^^^^^^^^^^^^^^^^^^^^^^^^^^^^^
  File "D:\lmis_int\.venv\Lib\site-packages\_pytest\runner.py", line 250, in call_and_report
    ihook.pytest_runtest_logreport(report=report)
  File "D:\lmis_int\.venv\Lib\site-packages\pluggy\_hooks.py", line 512, in __call__
    return self._hookexec(self.name, self._hookimpls.copy(), kwargs, firstresult)
           ^^^^^^^^^^^^^^^^^^^^^^^^^^^^^^^^^^^^^^^^^^^^^^^^^^^^^^^^^^^^^^^^^^^^^^
  File "D:\lmis_int\.venv\Lib\site-packages\pluggy\_manager.py", line 120, in _hookexec
    return self._inner_hookexec(hook_name, methods, kwargs, firstresult)
           ^^^^^^^^^^^^^^^^^^^^^^^^^^^^^^^^^^^^^^^^^^^^^^^^^^^^^^^^^^^^^
  File "D:\lmis_int\.venv\Lib\site-packages\pluggy\_callers.py", line 167, in _multicall
    raise exception
  File "D:\lmis_int\.venv\Lib\site-packages\pluggy\_callers.py", line 121, in _multicall
    res = hook_impl.function(*args)
          ^^^^^^^^^^^^^^^^^^^^^^^^^
  File "D:\lmis_int\.venv\Lib\site-packages\_pytest\terminal.py", line 666, in pytest_runtest_logreport
    self._write_progress_information_filling_space()
  File "D:\lmis_int\.venv\Lib\site-packages\_pytest\terminal.py", line 766, in _write_progress_information_filling_space
    self.write(msg.rjust(fill), flush=True, **{color: True})
  File "D:\lmis_int\.venv\Lib\site-packages\_pytest\terminal.py", line 509, in write
    self._tw.write(content, flush=flush, **markup)
  File "D:\lmis_int\.venv\Lib\site-packages\_pytest\_io\terminalwriter.py", line 177, in write
    self.flush()
  File "D:\lmis_int\.venv\Lib\site-packages\_pytest\_io\terminalwriter.py", line 184, in flush
    self._file.flush()
OSError: [Errno 22] Invalid argument</error></testcase></testsuite></testsuites>