<?xml version="1.0" encoding="utf-8"?><testsuites name="pytest tests"><testsuite name="pytest" errors="0" failures="0" skipped="0" tests="53" time="3.868" timestamp="2025-11-09T05:06:12.277445+00:00" hostname="VM-MOL-ITLY-A10"><testcase classname="tests.unit.gate.test_no_placeholders" name="test_no_pass_statements" time="0.152" /><testcase classname="tests.unit.gate.test_no_placeholders" name="test_no_not_implemented_error" time="0.036" /><testcase classname="tests.unit.gate.test_no_placeholders" name="test_no_todo_fixme_comments" time="0.027" /><testcase classname="tests.unit.gate.test_no_placeholders" name="test_no_placeholder_patterns[^\\s*pass\\s*$-bare pass statement]" time="0.039" /><testcase classname="tests.unit.gate.test_no_placeholders" name="test_no_placeholder_patterns[raise\\s+NotImplementedError-NotImplementedError]" time="0.038" /><testcase classname="tests.unit.gate.test_no_placeholders" name="test_no_placeholder_patterns[#\\s*HACK\\b-HACK comment]" time="0.028" /><testcase classname="tests.unit.gate.test_no_placeholders" name="test_no_placeholder_patterns[#\\s*XXX\\b-XXX comment]" time="0.027" /><testcase classname="tests.unit.cache.test_backends_abc" name="test_cannot_instantiate_abstract_backend" time="0.002" /><testcase classname="tests.unit.cache.test_backends_abc" name="test_incomplete_subclass_raises_type_error" time="0.001" /><testcase classname="tests.unit.cache.test_backends_abc" name="test_partial_implementation_raises_type_error" time="0.001" /><testcase classname="tests.unit.cache.test_backends_abc" name="test_complete_implementation_works" time="0.001" /><testcase classname="tests.unit.cache.test_backends_abc" name="test_memory_backend_is_complete" time="0.001" /><testcase classname="tests.unit.cache.test_backends_abc" name="test_abstractmethod_has_ellipsis" time="0.002" /><testcase classname="tests.unit.cache.test_keys.TestStableParamsHash" name="test_identical_params_produce_same_hash" time="0.001" /><testcase classname="tests.unit.cache.test_keys.TestStableParamsHash" name="test_nested_dict_sorted_keys" time="0.001" /><testcase classname="tests.unit.cache.test_keys.TestStableParamsHash" name="test_date_normalization" time="0.001" /><testcase classname="tests.unit.cache.test_keys.TestStableParamsHash" name="test_list_ordering_preserved" time="0.001" /><testcase classname="tests.unit.cache.test_keys.TestStableParamsHash" name="test_hash_length_is_16_chars" time="0.001" /><testcase classname="tests.unit.cache.test_keys.TestMakeCacheKey" name="test_cache_key_format" time="0.001" /><testcase classname="tests.unit.cache.test_keys.TestMakeCacheKey" name="test_ttl_policy_known_operation" time="0.001" /><testcase classname="tests.unit.cache.test_keys.TestMakeCacheKey" name="test_ttl_policy_unknown_operation" time="0.001" /><testcase classname="tests.unit.cache.test_keys.TestMakeCacheKey" name="test_same_params_same_key" time="0.001" /><testcase classname="tests.unit.cache.test_keys.TestMakeCacheKey" name="test_version_affects_key" time="0.001" /><testcase classname="tests.unit.cache.test_middleware.TestCachedDataClient" name="test_non_allowlisted_method_bypasses_cache" time="0.004" /><testcase classname="tests.unit.cache.test_middleware.TestCachedDataClient" name="test_cache_miss_calls_delegate_and_sets_cache" time="0.004" /><testcase classname="tests.unit.cache.test_middleware.TestCachedDataClient" name="test_cache_hit_returns_immediately" time="0.003" /><testcase classname="tests.unit.cache.test_middleware.TestCachedDataClient" name="test_allowlist_enforcement" time="0.001" /><testcase classname="tests.unit.cache.test_middleware.TestCachedDataClient" name="test_non_callable_attribute_passthrough" time="0.003" /><testcase classname="tests.unit.cache.test_middleware.TestCachedDataClient" name="test_negative_cache_ttl_applied_for_empty_results" time="0.004" /><testcase classname="tests.unit.cache.test_middleware.TestCachedDataClient" name="test_missing_query_id_raises" time="0.004" /><testcase classname="tests.unit.cache.test_qnwis_cache_cli" name="test_warmup_sets_and_hits" time="0.001" /><testcase classname="tests.unit.cache.test_qnwis_cache_cli" name="test_warmup_uses_negative_ttl_for_empty_rows" time="0.001" /><testcase classname="tests.unit.cache.test_qnwis_cache_cli" name="test_cli_info_action_outputs_payload" time="0.003" /><testcase classname="tests.unit.cache.test_qnwis_cache_cli" name="test_cli_invalidate_prefix" time="0.003" /><testcase classname="tests.unit.cache.test_qnwis_cache_cli" name="test_cli_list_packs_success" time="0.003" /><testcase classname="tests.unit.cache.test_qnwis_cache_cli" name="test_cli_list_packs_logs_error" time="0.005" /><testcase classname="tests.unit.cache.test_qnwis_cache_cli" name="test_cli_show_pack_success" time="0.003" /><testcase classname="tests.unit.cache.test_qnwis_cache_cli" name="test_cli_show_pack_logs_error" time="0.003" /><testcase classname="tests.unit.cache.test_redis_cache.TestDeterministicRedisCache" name="test_namespace_prefix" time="0.004" /><testcase classname="tests.unit.cache.test_redis_cache.TestDeterministicRedisCache" name="test_set_and_get" time="0.003" /><testcase classname="tests.unit.cache.test_redis_cache.TestDeterministicRedisCache" name="test_get_miss_returns_none" time="0.003" /><testcase classname="tests.unit.cache.test_redis_cache.TestDeterministicRedisCache" name="test_get_hit_deserializes_query_result" time="0.003" /><testcase classname="tests.unit.cache.test_redis_cache.TestDeterministicRedisCache" name="test_delete_prefix_no_keys" time="0.003" /><testcase classname="tests.unit.cache.test_redis_cache.TestDeterministicRedisCache" name="test_delete_prefix_with_keys" time="0.003" /><testcase classname="tests.unit.cache.test_redis_cache.TestDeterministicRedisCache" name="test_info_returns_redis_info" time="0.003" /><testcase classname="tests.unit.cache.test_warmup_packs" name="test_list_warmup_packs_default" time="0.021" /><testcase classname="tests.unit.cache.test_warmup_packs" name="test_load_warmup_pack_returns_specs" time="0.011" /><testcase classname="tests.unit.cache.test_warmup_packs" name="test_unknown_pack_raises" time="0.014" /><testcase classname="tests.unit.utils.test_derived_results_logging_simple" name="test_derived_results_has_logger" time="0.001" /><testcase classname="tests.unit.utils.test_derived_results_logging_simple" name="test_derived_results_no_bare_pass" time="0.004" /><testcase classname="tests.unit.utils.test_derived_results_logging_simple" name="test_derived_results_uses_logger_debug" time="0.001" /><testcase classname="tests.unit.utils.test_derived_results_logging_simple" name="test_derived_results_handles_type_error" time="0.001" /><testcase classname="tests.unit.utils.test_derived_results_logging_simple" name="test_derived_results_freshness_logic_intact" time="0.001" /></testsuite></testsuites>